{"timestamp":"2026-03-12T14:42:42.967990Z","level":"info","event":"DAG bundles loaded: dags-folder","logger":"airflow.dag_processing.bundles.manager.DagBundlesManager","filename":"manager.py","lineno":179}
{"timestamp":"2026-03-12T14:42:42.969469Z","level":"info","event":"Filling up the DagBag from /home/nql/PycharmProjects/HadoopDataPipeline/airflow/dags/hadoop_pipeline_dag.py","logger":"airflow.models.dagbag.DagBag","filename":"dagbag.py","lineno":593}
{"timestamp":"2026-03-12T14:42:43.013267Z","level":"info","event":"Tmp dir root location: /tmp","logger":"airflow.task.hooks.airflow.providers.standard.hooks.subprocess.SubprocessHook","filename":"subprocess.py","lineno":78}
{"timestamp":"2026-03-12T14:42:43.014754Z","level":"info","event":"Running command: ['/usr/bin/bash', '-c', '/home/sparkusr/spark-3.5.7/bin/spark-submit --master spark://192.168.31.22:7077 --deploy-mode client --executor-memory 2G --executor-cores 4 --total-executor-cores 16 --conf spark.sql.sources.partitionOverwriteMode=dynamic --conf spark.sql.files.maxPartitionBytes=8388608 --conf spark.sql.shuffle.partitions=16 --conf spark.pyspark.python=/home/nql/PycharmProjects/HadoopDataPipeline/.venv/bin/python3.12 --conf spark.pyspark.driver.python=/home/nql/PycharmProjects/HadoopDataPipeline/.venv/bin/python3.12 --conf spark.eventLog.enabled=true --conf spark.eventLog.permissions=775 --conf spark.eventLog.dir=hdfs://localhost:9000/tmp/spark-history --conf spark.sql.adaptive.enabled=true --conf spark.sql.adaptive.skewJoin.enabled=true --jars /home/hiveusr/hive-4.0.0/lib/postgresql-42.7.4.jar  /home/nql/PycharmProjects/HadoopDataPipeline/src/etl/bronze_layer/run_bronze.py']","logger":"airflow.task.hooks.airflow.providers.standard.hooks.subprocess.SubprocessHook","filename":"subprocess.py","lineno":80}
{"timestamp":"2026-03-12T14:42:43.015819Z","level":"info","event":"Output:","logger":"airflow.task.hooks.airflow.providers.standard.hooks.subprocess.SubprocessHook","filename":"subprocess.py","lineno":92}
{"timestamp":"2026-03-12T14:42:45.310439Z","level":"info","event":"26/03/12 21:42:45 WARN NativeCodeLoader: Unable to load native-hadoop library for your platform... using builtin-java classes where applicable","logger":"airflow.task.hooks.airflow.providers.standard.hooks.subprocess.SubprocessHook","filename":"subprocess.py","lineno":99}
{"timestamp":"2026-03-12T14:42:46.514028Z","level":"info","event":"26/03/12 21:42:46 INFO SparkContext: Running Spark version 3.5.7","logger":"airflow.task.hooks.airflow.providers.standard.hooks.subprocess.SubprocessHook","filename":"subprocess.py","lineno":99}
{"timestamp":"2026-03-12T14:42:46.514402Z","level":"info","event":"26/03/12 21:42:46 INFO SparkContext: OS info Linux, 6.16.10-200.fc42.x86_64, amd64","logger":"airflow.task.hooks.airflow.providers.standard.hooks.subprocess.SubprocessHook","filename":"subprocess.py","lineno":99}
{"timestamp":"2026-03-12T14:42:46.515436Z","level":"info","event":"26/03/12 21:42:46 INFO SparkContext: Java version 11.0.29","logger":"airflow.task.hooks.airflow.providers.standard.hooks.subprocess.SubprocessHook","filename":"subprocess.py","lineno":99}
{"timestamp":"2026-03-12T14:42:46.540039Z","level":"info","event":"26/03/12 21:42:46 INFO ResourceUtils: ==============================================================","logger":"airflow.task.hooks.airflow.providers.standard.hooks.subprocess.SubprocessHook","filename":"subprocess.py","lineno":99}
{"timestamp":"2026-03-12T14:42:46.540236Z","level":"info","event":"26/03/12 21:42:46 INFO ResourceUtils: No custom resources configured for spark.driver.","logger":"airflow.task.hooks.airflow.providers.standard.hooks.subprocess.SubprocessHook","filename":"subprocess.py","lineno":99}
{"timestamp":"2026-03-12T14:42:46.540491Z","level":"info","event":"26/03/12 21:42:46 INFO ResourceUtils: ==============================================================","logger":"airflow.task.hooks.airflow.providers.standard.hooks.subprocess.SubprocessHook","filename":"subprocess.py","lineno":99}
{"timestamp":"2026-03-12T14:42:46.540816Z","level":"info","event":"26/03/12 21:42:46 INFO SparkContext: Submitted application: BronzeLayer","logger":"airflow.task.hooks.airflow.providers.standard.hooks.subprocess.SubprocessHook","filename":"subprocess.py","lineno":99}
{"timestamp":"2026-03-12T14:42:46.562869Z","level":"info","event":"26/03/12 21:42:46 INFO ResourceProfile: Default ResourceProfile created, executor resources: Map(cores -> name: cores, amount: 4, script: , vendor: , memory -> name: memory, amount: 2048, script: , vendor: , offHeap -> name: offHeap, amount: 0, script: , vendor: ), task resources: Map(cpus -> name: cpus, amount: 1.0)","logger":"airflow.task.hooks.airflow.providers.standard.hooks.subprocess.SubprocessHook","filename":"subprocess.py","lineno":99}
{"timestamp":"2026-03-12T14:42:46.589208Z","level":"info","event":"26/03/12 21:42:46 INFO ResourceProfile: Limiting resource is cpus at 4 tasks per executor","logger":"airflow.task.hooks.airflow.providers.standard.hooks.subprocess.SubprocessHook","filename":"subprocess.py","lineno":99}
{"timestamp":"2026-03-12T14:42:46.591160Z","level":"info","event":"26/03/12 21:42:46 INFO ResourceProfileManager: Added ResourceProfile id: 0","logger":"airflow.task.hooks.airflow.providers.standard.hooks.subprocess.SubprocessHook","filename":"subprocess.py","lineno":99}
{"timestamp":"2026-03-12T14:42:46.654617Z","level":"info","event":"26/03/12 21:42:46 INFO SecurityManager: Changing view acls to: nql","logger":"airflow.task.hooks.airflow.providers.standard.hooks.subprocess.SubprocessHook","filename":"subprocess.py","lineno":99}
{"timestamp":"2026-03-12T14:42:46.655225Z","level":"info","event":"26/03/12 21:42:46 INFO SecurityManager: Changing modify acls to: nql","logger":"airflow.task.hooks.airflow.providers.standard.hooks.subprocess.SubprocessHook","filename":"subprocess.py","lineno":99}
{"timestamp":"2026-03-12T14:42:46.655795Z","level":"info","event":"26/03/12 21:42:46 INFO SecurityManager: Changing view acls groups to:","logger":"airflow.task.hooks.airflow.providers.standard.hooks.subprocess.SubprocessHook","filename":"subprocess.py","lineno":99}
{"timestamp":"2026-03-12T14:42:46.656228Z","level":"info","event":"26/03/12 21:42:46 INFO SecurityManager: Changing modify acls groups to:","logger":"airflow.task.hooks.airflow.providers.standard.hooks.subprocess.SubprocessHook","filename":"subprocess.py","lineno":99}
{"timestamp":"2026-03-12T14:42:46.656595Z","level":"info","event":"26/03/12 21:42:46 INFO SecurityManager: SecurityManager: authentication disabled; ui acls disabled; users with view permissions: nql; groups with view permissions: EMPTY; users with modify permissions: nql; groups with modify permissions: EMPTY","logger":"airflow.task.hooks.airflow.providers.standard.hooks.subprocess.SubprocessHook","filename":"subprocess.py","lineno":99}
{"timestamp":"2026-03-12T14:42:46.902158Z","level":"info","event":"26/03/12 21:42:46 INFO Utils: Successfully started service 'sparkDriver' on port 36491.","logger":"airflow.task.hooks.airflow.providers.standard.hooks.subprocess.SubprocessHook","filename":"subprocess.py","lineno":99}
{"timestamp":"2026-03-12T14:42:46.940888Z","level":"info","event":"26/03/12 21:42:46 INFO SparkEnv: Registering MapOutputTracker","logger":"airflow.task.hooks.airflow.providers.standard.hooks.subprocess.SubprocessHook","filename":"subprocess.py","lineno":99}
{"timestamp":"2026-03-12T14:42:46.974859Z","level":"info","event":"26/03/12 21:42:46 INFO SparkEnv: Registering BlockManagerMaster","logger":"airflow.task.hooks.airflow.providers.standard.hooks.subprocess.SubprocessHook","filename":"subprocess.py","lineno":99}
{"timestamp":"2026-03-12T14:42:46.993950Z","level":"info","event":"26/03/12 21:42:46 INFO BlockManagerMasterEndpoint: Using org.apache.spark.storage.DefaultTopologyMapper for getting topology information","logger":"airflow.task.hooks.airflow.providers.standard.hooks.subprocess.SubprocessHook","filename":"subprocess.py","lineno":99}
{"timestamp":"2026-03-12T14:42:46.994535Z","level":"info","event":"26/03/12 21:42:46 INFO BlockManagerMasterEndpoint: BlockManagerMasterEndpoint up","logger":"airflow.task.hooks.airflow.providers.standard.hooks.subprocess.SubprocessHook","filename":"subprocess.py","lineno":99}
{"timestamp":"2026-03-12T14:42:47.000161Z","level":"info","event":"26/03/12 21:42:46 INFO SparkEnv: Registering BlockManagerMasterHeartbeat","logger":"airflow.task.hooks.airflow.providers.standard.hooks.subprocess.SubprocessHook","filename":"subprocess.py","lineno":99}
{"timestamp":"2026-03-12T14:42:47.024840Z","level":"info","event":"26/03/12 21:42:47 INFO DiskBlockManager: Created local directory at /tmp/blockmgr-36fad2de-d017-4cd9-8c90-c3aaf78fca1d","logger":"airflow.task.hooks.airflow.providers.standard.hooks.subprocess.SubprocessHook","filename":"subprocess.py","lineno":99}
{"timestamp":"2026-03-12T14:42:47.039952Z","level":"info","event":"26/03/12 21:42:47 INFO MemoryStore: MemoryStore started with capacity 434.4 MiB","logger":"airflow.task.hooks.airflow.providers.standard.hooks.subprocess.SubprocessHook","filename":"subprocess.py","lineno":99}
{"timestamp":"2026-03-12T14:42:47.053412Z","level":"info","event":"26/03/12 21:42:47 INFO SparkEnv: Registering OutputCommitCoordinator","logger":"airflow.task.hooks.airflow.providers.standard.hooks.subprocess.SubprocessHook","filename":"subprocess.py","lineno":99}
{"timestamp":"2026-03-12T14:42:47.195098Z","level":"info","event":"26/03/12 21:42:47 INFO JettyUtils: Start Jetty 10.130.114.194:4040 for SparkUI","logger":"airflow.task.hooks.airflow.providers.standard.hooks.subprocess.SubprocessHook","filename":"subprocess.py","lineno":99}
{"timestamp":"2026-03-12T14:42:47.291159Z","level":"info","event":"26/03/12 21:42:47 INFO Utils: Successfully started service 'SparkUI' on port 4040.","logger":"airflow.task.hooks.airflow.providers.standard.hooks.subprocess.SubprocessHook","filename":"subprocess.py","lineno":99}
{"timestamp":"2026-03-12T14:42:47.338324Z","level":"info","event":"26/03/12 21:42:47 INFO SparkContext: Added JAR file:///home/hiveusr/hive-4.0.0/lib/postgresql-42.7.4.jar at spark://fedora:36491/jars/postgresql-42.7.4.jar with timestamp 1773326566506","logger":"airflow.task.hooks.airflow.providers.standard.hooks.subprocess.SubprocessHook","filename":"subprocess.py","lineno":99}
{"timestamp":"2026-03-12T14:42:47.437725Z","level":"info","event":"26/03/12 21:42:47 INFO StandaloneAppClient$ClientEndpoint: Connecting to master spark://192.168.31.22:7077...","logger":"airflow.task.hooks.airflow.providers.standard.hooks.subprocess.SubprocessHook","filename":"subprocess.py","lineno":99}
{"timestamp":"2026-03-12T14:43:07.439507Z","level":"info","event":"26/03/12 21:43:07 INFO StandaloneAppClient$ClientEndpoint: Connecting to master spark://192.168.31.22:7077...","logger":"airflow.task.hooks.airflow.providers.standard.hooks.subprocess.SubprocessHook","filename":"subprocess.py","lineno":99}
{"timestamp":"2026-03-12T14:43:27.439127Z","level":"info","event":"26/03/12 21:43:27 INFO StandaloneAppClient$ClientEndpoint: Connecting to master spark://192.168.31.22:7077...","logger":"airflow.task.hooks.airflow.providers.standard.hooks.subprocess.SubprocessHook","filename":"subprocess.py","lineno":99}
{"timestamp":"2026-03-12T14:43:47.440724Z","level":"info","event":"26/03/12 21:43:47 WARN StandaloneSchedulerBackend: Application ID is not initialized yet.","logger":"airflow.task.hooks.airflow.providers.standard.hooks.subprocess.SubprocessHook","filename":"subprocess.py","lineno":99}
{"timestamp":"2026-03-12T14:43:47.440963Z","level":"info","event":"26/03/12 21:43:47 ERROR StandaloneSchedulerBackend: Application has been killed. Reason: All masters are unresponsive! Giving up.","logger":"airflow.task.hooks.airflow.providers.standard.hooks.subprocess.SubprocessHook","filename":"subprocess.py","lineno":99}
{"timestamp":"2026-03-12T14:43:47.457471Z","level":"info","event":"26/03/12 21:43:47 INFO Utils: Successfully started service 'org.apache.spark.network.netty.NettyBlockTransferService' on port 34395.","logger":"airflow.task.hooks.airflow.providers.standard.hooks.subprocess.SubprocessHook","filename":"subprocess.py","lineno":99}
{"timestamp":"2026-03-12T14:43:47.457672Z","level":"info","event":"26/03/12 21:43:47 INFO NettyBlockTransferService: Server created on fedora:34395","logger":"airflow.task.hooks.airflow.providers.standard.hooks.subprocess.SubprocessHook","filename":"subprocess.py","lineno":99}
{"timestamp":"2026-03-12T14:43:47.460134Z","level":"info","event":"26/03/12 21:43:47 INFO BlockManager: Using org.apache.spark.storage.RandomBlockReplicationPolicy for block replication policy","logger":"airflow.task.hooks.airflow.providers.standard.hooks.subprocess.SubprocessHook","filename":"subprocess.py","lineno":99}
{"timestamp":"2026-03-12T14:43:47.469617Z","level":"info","event":"26/03/12 21:43:47 INFO BlockManagerMaster: Registering BlockManager BlockManagerId(driver, fedora, 34395, None)","logger":"airflow.task.hooks.airflow.providers.standard.hooks.subprocess.SubprocessHook","filename":"subprocess.py","lineno":99}
{"timestamp":"2026-03-12T14:43:47.475357Z","level":"info","event":"26/03/12 21:43:47 INFO BlockManagerMasterEndpoint: Registering block manager fedora:34395 with 434.4 MiB RAM, BlockManagerId(driver, fedora, 34395, None)","logger":"airflow.task.hooks.airflow.providers.standard.hooks.subprocess.SubprocessHook","filename":"subprocess.py","lineno":99}
{"timestamp":"2026-03-12T14:43:47.479467Z","level":"info","event":"26/03/12 21:43:47 INFO BlockManagerMaster: Registered BlockManager BlockManagerId(driver, fedora, 34395, None)","logger":"airflow.task.hooks.airflow.providers.standard.hooks.subprocess.SubprocessHook","filename":"subprocess.py","lineno":99}
{"timestamp":"2026-03-12T14:43:47.481445Z","level":"info","event":"26/03/12 21:43:47 INFO BlockManager: Initialized BlockManager: BlockManagerId(driver, fedora, 34395, None)","logger":"airflow.task.hooks.airflow.providers.standard.hooks.subprocess.SubprocessHook","filename":"subprocess.py","lineno":99}
{"timestamp":"2026-03-12T14:43:48.030436Z","level":"info","event":"26/03/12 21:43:48 INFO SparkContext: SparkContext is stopping with exitCode 0.","logger":"airflow.task.hooks.airflow.providers.standard.hooks.subprocess.SubprocessHook","filename":"subprocess.py","lineno":99}
{"timestamp":"2026-03-12T14:43:48.050743Z","level":"info","event":"26/03/12 21:43:48 INFO SparkUI: Stopped Spark web UI at http://fedora:4040","logger":"airflow.task.hooks.airflow.providers.standard.hooks.subprocess.SubprocessHook","filename":"subprocess.py","lineno":99}
{"timestamp":"2026-03-12T14:43:48.061646Z","level":"info","event":"26/03/12 21:43:48 INFO StandaloneSchedulerBackend: Shutting down all executors","logger":"airflow.task.hooks.airflow.providers.standard.hooks.subprocess.SubprocessHook","filename":"subprocess.py","lineno":99}
{"timestamp":"2026-03-12T14:43:48.067384Z","level":"info","event":"26/03/12 21:43:48 INFO StandaloneSchedulerBackend$StandaloneDriverEndpoint: Asking each executor to shut down","logger":"airflow.task.hooks.airflow.providers.standard.hooks.subprocess.SubprocessHook","filename":"subprocess.py","lineno":99}
{"timestamp":"2026-03-12T14:43:48.073064Z","level":"info","event":"26/03/12 21:43:48 WARN StandaloneAppClient$ClientEndpoint: Drop UnregisterApplication(null) because has not yet connected to master","logger":"airflow.task.hooks.airflow.providers.standard.hooks.subprocess.SubprocessHook","filename":"subprocess.py","lineno":99}
{"timestamp":"2026-03-12T14:43:48.086566Z","level":"info","event":"26/03/12 21:43:48 INFO MapOutputTrackerMasterEndpoint: MapOutputTrackerMasterEndpoint stopped!","logger":"airflow.task.hooks.airflow.providers.standard.hooks.subprocess.SubprocessHook","filename":"subprocess.py","lineno":99}
{"timestamp":"2026-03-12T14:43:48.103373Z","level":"info","event":"26/03/12 21:43:48 INFO MemoryStore: MemoryStore cleared","logger":"airflow.task.hooks.airflow.providers.standard.hooks.subprocess.SubprocessHook","filename":"subprocess.py","lineno":99}
{"timestamp":"2026-03-12T14:43:48.104073Z","level":"info","event":"26/03/12 21:43:48 INFO BlockManager: BlockManager stopped","logger":"airflow.task.hooks.airflow.providers.standard.hooks.subprocess.SubprocessHook","filename":"subprocess.py","lineno":99}
{"timestamp":"2026-03-12T14:43:48.116680Z","level":"info","event":"26/03/12 21:43:48 INFO BlockManagerMaster: BlockManagerMaster stopped","logger":"airflow.task.hooks.airflow.providers.standard.hooks.subprocess.SubprocessHook","filename":"subprocess.py","lineno":99}
{"timestamp":"2026-03-12T14:43:48.120416Z","level":"info","event":"26/03/12 21:43:48 INFO OutputCommitCoordinator$OutputCommitCoordinatorEndpoint: OutputCommitCoordinator stopped!","logger":"airflow.task.hooks.airflow.providers.standard.hooks.subprocess.SubprocessHook","filename":"subprocess.py","lineno":99}
{"timestamp":"2026-03-12T14:43:48.128397Z","level":"info","event":"26/03/12 21:43:48 INFO SparkContext: Successfully stopped SparkContext","logger":"airflow.task.hooks.airflow.providers.standard.hooks.subprocess.SubprocessHook","filename":"subprocess.py","lineno":99}
{"timestamp":"2026-03-12T14:43:48.260926Z","level":"info","event":"26/03/12 21:43:48 INFO SingleEventLogFileWriter: Logging events to hdfs://localhost:9000/tmp/spark-history/spark-application-1773326567371.inprogress","logger":"airflow.task.hooks.airflow.providers.standard.hooks.subprocess.SubprocessHook","filename":"subprocess.py","lineno":99}
{"timestamp":"2026-03-12T14:43:48.397931Z","level":"info","event":"26/03/12 21:43:48 ERROR AsyncEventQueue: Listener AppStatusListener threw an exception","logger":"airflow.task.hooks.airflow.providers.standard.hooks.subprocess.SubprocessHook","filename":"subprocess.py","lineno":99}
{"timestamp":"2026-03-12T14:43:48.398123Z","level":"info","event":"java.lang.NullPointerException","logger":"airflow.task.hooks.airflow.providers.standard.hooks.subprocess.SubprocessHook","filename":"subprocess.py","lineno":99}
{"timestamp":"2026-03-12T14:43:48.398201Z","level":"info","event":"\tat org.apache.spark.status.AppStatusListener.onApplicationEnd(AppStatusListener.scala:193)","logger":"airflow.task.hooks.airflow.providers.standard.hooks.subprocess.SubprocessHook","filename":"subprocess.py","lineno":99}
{"timestamp":"2026-03-12T14:43:48.398250Z","level":"info","event":"\tat org.apache.spark.scheduler.SparkListenerBus.doPostEvent(SparkListenerBus.scala:57)","logger":"airflow.task.hooks.airflow.providers.standard.hooks.subprocess.SubprocessHook","filename":"subprocess.py","lineno":99}
{"timestamp":"2026-03-12T14:43:48.398297Z","level":"info","event":"\tat org.apache.spark.scheduler.SparkListenerBus.doPostEvent$(SparkListenerBus.scala:28)","logger":"airflow.task.hooks.airflow.providers.standard.hooks.subprocess.SubprocessHook","filename":"subprocess.py","lineno":99}
{"timestamp":"2026-03-12T14:43:48.398366Z","level":"info","event":"\tat org.apache.spark.scheduler.AsyncEventQueue.doPostEvent(AsyncEventQueue.scala:37)","logger":"airflow.task.hooks.airflow.providers.standard.hooks.subprocess.SubprocessHook","filename":"subprocess.py","lineno":99}
{"timestamp":"2026-03-12T14:43:48.398501Z","level":"info","event":"\tat org.apache.spark.scheduler.AsyncEventQueue.doPostEvent(AsyncEventQueue.scala:37)","logger":"airflow.task.hooks.airflow.providers.standard.hooks.subprocess.SubprocessHook","filename":"subprocess.py","lineno":99}
{"timestamp":"2026-03-12T14:43:48.398546Z","level":"info","event":"\tat org.apache.spark.util.ListenerBus.postToAll(ListenerBus.scala:117)","logger":"airflow.task.hooks.airflow.providers.standard.hooks.subprocess.SubprocessHook","filename":"subprocess.py","lineno":99}
{"timestamp":"2026-03-12T14:43:48.398580Z","level":"info","event":"\tat org.apache.spark.util.ListenerBus.postToAll$(ListenerBus.scala:101)","logger":"airflow.task.hooks.airflow.providers.standard.hooks.subprocess.SubprocessHook","filename":"subprocess.py","lineno":99}
{"timestamp":"2026-03-12T14:43:48.398609Z","level":"info","event":"\tat org.apache.spark.scheduler.AsyncEventQueue.super$postToAll(AsyncEventQueue.scala:105)","logger":"airflow.task.hooks.airflow.providers.standard.hooks.subprocess.SubprocessHook","filename":"subprocess.py","lineno":99}
{"timestamp":"2026-03-12T14:43:48.398636Z","level":"info","event":"\tat org.apache.spark.scheduler.AsyncEventQueue.$anonfun$dispatch$1(AsyncEventQueue.scala:105)","logger":"airflow.task.hooks.airflow.providers.standard.hooks.subprocess.SubprocessHook","filename":"subprocess.py","lineno":99}
{"timestamp":"2026-03-12T14:43:48.398663Z","level":"info","event":"\tat scala.runtime.java8.JFunction0$mcJ$sp.apply(JFunction0$mcJ$sp.java:23)","logger":"airflow.task.hooks.airflow.providers.standard.hooks.subprocess.SubprocessHook","filename":"subprocess.py","lineno":99}
{"timestamp":"2026-03-12T14:43:48.398688Z","level":"info","event":"\tat scala.util.DynamicVariable.withValue(DynamicVariable.scala:62)","logger":"airflow.task.hooks.airflow.providers.standard.hooks.subprocess.SubprocessHook","filename":"subprocess.py","lineno":99}
{"timestamp":"2026-03-12T14:43:48.398713Z","level":"info","event":"\tat org.apache.spark.scheduler.AsyncEventQueue.org$apache$spark$scheduler$AsyncEventQueue$$dispatch(AsyncEventQueue.scala:100)","logger":"airflow.task.hooks.airflow.providers.standard.hooks.subprocess.SubprocessHook","filename":"subprocess.py","lineno":99}
{"timestamp":"2026-03-12T14:43:48.398739Z","level":"info","event":"\tat org.apache.spark.scheduler.AsyncEventQueue$$anon$2.$anonfun$run$1(AsyncEventQueue.scala:96)","logger":"airflow.task.hooks.airflow.providers.standard.hooks.subprocess.SubprocessHook","filename":"subprocess.py","lineno":99}
{"timestamp":"2026-03-12T14:43:48.398765Z","level":"info","event":"\tat org.apache.spark.util.Utils$.tryOrStopSparkContext(Utils.scala:1356)","logger":"airflow.task.hooks.airflow.providers.standard.hooks.subprocess.SubprocessHook","filename":"subprocess.py","lineno":99}
{"timestamp":"2026-03-12T14:43:48.398789Z","level":"info","event":"\tat org.apache.spark.scheduler.AsyncEventQueue$$anon$2.run(AsyncEventQueue.scala:96)","logger":"airflow.task.hooks.airflow.providers.standard.hooks.subprocess.SubprocessHook","filename":"subprocess.py","lineno":99}
{"timestamp":"2026-03-12T14:43:48.404553Z","level":"info","event":"26/03/12 21:43:48 ERROR SparkContext: Error initializing SparkContext.","logger":"airflow.task.hooks.airflow.providers.standard.hooks.subprocess.SubprocessHook","filename":"subprocess.py","lineno":99}
{"timestamp":"2026-03-12T14:43:48.404678Z","level":"info","event":"java.lang.IllegalArgumentException: requirement failed: Can only call getServletHandlers on a running MetricsSystem","logger":"airflow.task.hooks.airflow.providers.standard.hooks.subprocess.SubprocessHook","filename":"subprocess.py","lineno":99}
{"timestamp":"2026-03-12T14:43:48.404719Z","level":"info","event":"\tat scala.Predef$.require(Predef.scala:281)","logger":"airflow.task.hooks.airflow.providers.standard.hooks.subprocess.SubprocessHook","filename":"subprocess.py","lineno":99}
{"timestamp":"2026-03-12T14:43:48.404750Z","level":"info","event":"\tat org.apache.spark.metrics.MetricsSystem.getServletHandlers(MetricsSystem.scala:89)","logger":"airflow.task.hooks.airflow.providers.standard.hooks.subprocess.SubprocessHook","filename":"subprocess.py","lineno":99}
{"timestamp":"2026-03-12T14:43:48.404777Z","level":"info","event":"\tat org.apache.spark.SparkContext.<init>(SparkContext.scala:671)","logger":"airflow.task.hooks.airflow.providers.standard.hooks.subprocess.SubprocessHook","filename":"subprocess.py","lineno":99}
{"timestamp":"2026-03-12T14:43:48.404804Z","level":"info","event":"\tat org.apache.spark.api.java.JavaSparkContext.<init>(JavaSparkContext.scala:58)","logger":"airflow.task.hooks.airflow.providers.standard.hooks.subprocess.SubprocessHook","filename":"subprocess.py","lineno":99}
{"timestamp":"2026-03-12T14:43:48.404841Z","level":"info","event":"\tat java.base/jdk.internal.reflect.NativeConstructorAccessorImpl.newInstance0(Native Method)","logger":"airflow.task.hooks.airflow.providers.standard.hooks.subprocess.SubprocessHook","filename":"subprocess.py","lineno":99}
{"timestamp":"2026-03-12T14:43:48.404868Z","level":"info","event":"\tat java.base/jdk.internal.reflect.NativeConstructorAccessorImpl.newInstance(NativeConstructorAccessorImpl.java:62)","logger":"airflow.task.hooks.airflow.providers.standard.hooks.subprocess.SubprocessHook","filename":"subprocess.py","lineno":99}
{"timestamp":"2026-03-12T14:43:48.404894Z","level":"info","event":"\tat java.base/jdk.internal.reflect.DelegatingConstructorAccessorImpl.newInstance(DelegatingConstructorAccessorImpl.java:45)","logger":"airflow.task.hooks.airflow.providers.standard.hooks.subprocess.SubprocessHook","filename":"subprocess.py","lineno":99}
{"timestamp":"2026-03-12T14:43:48.404919Z","level":"info","event":"\tat java.base/java.lang.reflect.Constructor.newInstance(Constructor.java:490)","logger":"airflow.task.hooks.airflow.providers.standard.hooks.subprocess.SubprocessHook","filename":"subprocess.py","lineno":99}
{"timestamp":"2026-03-12T14:43:48.404944Z","level":"info","event":"\tat py4j.reflection.MethodInvoker.invoke(MethodInvoker.java:247)","logger":"airflow.task.hooks.airflow.providers.standard.hooks.subprocess.SubprocessHook","filename":"subprocess.py","lineno":99}
{"timestamp":"2026-03-12T14:43:48.404969Z","level":"info","event":"\tat py4j.reflection.ReflectionEngine.invoke(ReflectionEngine.java:374)","logger":"airflow.task.hooks.airflow.providers.standard.hooks.subprocess.SubprocessHook","filename":"subprocess.py","lineno":99}
{"timestamp":"2026-03-12T14:43:48.404994Z","level":"info","event":"\tat py4j.Gateway.invoke(Gateway.java:238)","logger":"airflow.task.hooks.airflow.providers.standard.hooks.subprocess.SubprocessHook","filename":"subprocess.py","lineno":99}
{"timestamp":"2026-03-12T14:43:48.405019Z","level":"info","event":"\tat py4j.commands.ConstructorCommand.invokeConstructor(ConstructorCommand.java:80)","logger":"airflow.task.hooks.airflow.providers.standard.hooks.subprocess.SubprocessHook","filename":"subprocess.py","lineno":99}
{"timestamp":"2026-03-12T14:43:48.405043Z","level":"info","event":"\tat py4j.commands.ConstructorCommand.execute(ConstructorCommand.java:69)","logger":"airflow.task.hooks.airflow.providers.standard.hooks.subprocess.SubprocessHook","filename":"subprocess.py","lineno":99}
{"timestamp":"2026-03-12T14:43:48.405067Z","level":"info","event":"\tat py4j.ClientServerConnection.waitForCommands(ClientServerConnection.java:182)","logger":"airflow.task.hooks.airflow.providers.standard.hooks.subprocess.SubprocessHook","filename":"subprocess.py","lineno":99}
{"timestamp":"2026-03-12T14:43:48.405092Z","level":"info","event":"\tat py4j.ClientServerConnection.run(ClientServerConnection.java:106)","logger":"airflow.task.hooks.airflow.providers.standard.hooks.subprocess.SubprocessHook","filename":"subprocess.py","lineno":99}
{"timestamp":"2026-03-12T14:43:48.405116Z","level":"info","event":"\tat java.base/java.lang.Thread.run(Thread.java:829)","logger":"airflow.task.hooks.airflow.providers.standard.hooks.subprocess.SubprocessHook","filename":"subprocess.py","lineno":99}
{"timestamp":"2026-03-12T14:43:48.405145Z","level":"info","event":"26/03/12 21:43:48 INFO SparkContext: SparkContext is stopping with exitCode 0.","logger":"airflow.task.hooks.airflow.providers.standard.hooks.subprocess.SubprocessHook","filename":"subprocess.py","lineno":99}
{"timestamp":"2026-03-12T14:43:48.405170Z","level":"info","event":"26/03/12 21:43:48 INFO SparkContext: SparkContext already stopped.","logger":"airflow.task.hooks.airflow.providers.standard.hooks.subprocess.SubprocessHook","filename":"subprocess.py","lineno":99}
{"timestamp":"2026-03-12T14:43:48.405197Z","level":"info","event":"Traceback (most recent call last):","logger":"airflow.task.hooks.airflow.providers.standard.hooks.subprocess.SubprocessHook","filename":"subprocess.py","lineno":99}
{"timestamp":"2026-03-12T14:43:48.405221Z","level":"info","event":"  File \"/home/nql/PycharmProjects/HadoopDataPipeline/src/etl/bronze_layer/run_bronze.py\", line 15, in <module>","logger":"airflow.task.hooks.airflow.providers.standard.hooks.subprocess.SubprocessHook","filename":"subprocess.py","lineno":99}
{"timestamp":"2026-03-12T14:43:48.405360Z","level":"info","event":"    spark = SparkSession.builder.appName(\"BronzeLayer\").getOrCreate()","logger":"airflow.task.hooks.airflow.providers.standard.hooks.subprocess.SubprocessHook","filename":"subprocess.py","lineno":99}
{"timestamp":"2026-03-12T14:43:48.405459Z","level":"info","event":"            ^^^^^^^^^^^^^^^^^^^^^^^^^^^^^^^^^^^^^^^^^^^^^^^^^^^^^^^^^","logger":"airflow.task.hooks.airflow.providers.standard.hooks.subprocess.SubprocessHook","filename":"subprocess.py","lineno":99}
{"timestamp":"2026-03-12T14:43:48.405502Z","level":"info","event":"  File \"/home/sparkusr/spark-3.5.7/python/lib/pyspark.zip/pyspark/sql/session.py\", line 497, in getOrCreate","logger":"airflow.task.hooks.airflow.providers.standard.hooks.subprocess.SubprocessHook","filename":"subprocess.py","lineno":99}
{"timestamp":"2026-03-12T14:43:48.405541Z","level":"info","event":"  File \"/home/sparkusr/spark-3.5.7/python/lib/pyspark.zip/pyspark/context.py\", line 515, in getOrCreate","logger":"airflow.task.hooks.airflow.providers.standard.hooks.subprocess.SubprocessHook","filename":"subprocess.py","lineno":99}
{"timestamp":"2026-03-12T14:43:48.405572Z","level":"info","event":"  File \"/home/sparkusr/spark-3.5.7/python/lib/pyspark.zip/pyspark/context.py\", line 203, in __init__","logger":"airflow.task.hooks.airflow.providers.standard.hooks.subprocess.SubprocessHook","filename":"subprocess.py","lineno":99}
{"timestamp":"2026-03-12T14:43:48.405602Z","level":"info","event":"  File \"/home/sparkusr/spark-3.5.7/python/lib/pyspark.zip/pyspark/context.py\", line 296, in _do_init","logger":"airflow.task.hooks.airflow.providers.standard.hooks.subprocess.SubprocessHook","filename":"subprocess.py","lineno":99}
{"timestamp":"2026-03-12T14:43:48.405629Z","level":"info","event":"  File \"/home/sparkusr/spark-3.5.7/python/lib/pyspark.zip/pyspark/context.py\", line 421, in _initialize_context","logger":"airflow.task.hooks.airflow.providers.standard.hooks.subprocess.SubprocessHook","filename":"subprocess.py","lineno":99}
{"timestamp":"2026-03-12T14:43:48.405658Z","level":"info","event":"  File \"/home/sparkusr/spark-3.5.7/python/lib/py4j-0.10.9.7-src.zip/py4j/java_gateway.py\", line 1587, in __call__","logger":"airflow.task.hooks.airflow.providers.standard.hooks.subprocess.SubprocessHook","filename":"subprocess.py","lineno":99}
{"timestamp":"2026-03-12T14:43:48.405687Z","level":"info","event":"  File \"/home/sparkusr/spark-3.5.7/python/lib/py4j-0.10.9.7-src.zip/py4j/protocol.py\", line 326, in get_return_value","logger":"airflow.task.hooks.airflow.providers.standard.hooks.subprocess.SubprocessHook","filename":"subprocess.py","lineno":99}
{"timestamp":"2026-03-12T14:43:48.406022Z","level":"info","event":"py4j.protocol.Py4JJavaError: An error occurred while calling None.org.apache.spark.api.java.JavaSparkContext.","logger":"airflow.task.hooks.airflow.providers.standard.hooks.subprocess.SubprocessHook","filename":"subprocess.py","lineno":99}
{"timestamp":"2026-03-12T14:43:48.406057Z","level":"info","event":": java.lang.IllegalArgumentException: requirement failed: Can only call getServletHandlers on a running MetricsSystem","logger":"airflow.task.hooks.airflow.providers.standard.hooks.subprocess.SubprocessHook","filename":"subprocess.py","lineno":99}
{"timestamp":"2026-03-12T14:43:48.406087Z","level":"info","event":"\tat scala.Predef$.require(Predef.scala:281)","logger":"airflow.task.hooks.airflow.providers.standard.hooks.subprocess.SubprocessHook","filename":"subprocess.py","lineno":99}
{"timestamp":"2026-03-12T14:43:48.406115Z","level":"info","event":"\tat org.apache.spark.metrics.MetricsSystem.getServletHandlers(MetricsSystem.scala:89)","logger":"airflow.task.hooks.airflow.providers.standard.hooks.subprocess.SubprocessHook","filename":"subprocess.py","lineno":99}
{"timestamp":"2026-03-12T14:43:48.406142Z","level":"info","event":"\tat org.apache.spark.SparkContext.<init>(SparkContext.scala:671)","logger":"airflow.task.hooks.airflow.providers.standard.hooks.subprocess.SubprocessHook","filename":"subprocess.py","lineno":99}
{"timestamp":"2026-03-12T14:43:48.406169Z","level":"info","event":"\tat org.apache.spark.api.java.JavaSparkContext.<init>(JavaSparkContext.scala:58)","logger":"airflow.task.hooks.airflow.providers.standard.hooks.subprocess.SubprocessHook","filename":"subprocess.py","lineno":99}
{"timestamp":"2026-03-12T14:43:48.406196Z","level":"info","event":"\tat java.base/jdk.internal.reflect.NativeConstructorAccessorImpl.newInstance0(Native Method)","logger":"airflow.task.hooks.airflow.providers.standard.hooks.subprocess.SubprocessHook","filename":"subprocess.py","lineno":99}
{"timestamp":"2026-03-12T14:43:48.406222Z","level":"info","event":"\tat java.base/jdk.internal.reflect.NativeConstructorAccessorImpl.newInstance(NativeConstructorAccessorImpl.java:62)","logger":"airflow.task.hooks.airflow.providers.standard.hooks.subprocess.SubprocessHook","filename":"subprocess.py","lineno":99}
{"timestamp":"2026-03-12T14:43:48.406249Z","level":"info","event":"\tat java.base/jdk.internal.reflect.DelegatingConstructorAccessorImpl.newInstance(DelegatingConstructorAccessorImpl.java:45)","logger":"airflow.task.hooks.airflow.providers.standard.hooks.subprocess.SubprocessHook","filename":"subprocess.py","lineno":99}
{"timestamp":"2026-03-12T14:43:48.406280Z","level":"info","event":"\tat java.base/java.lang.reflect.Constructor.newInstance(Constructor.java:490)","logger":"airflow.task.hooks.airflow.providers.standard.hooks.subprocess.SubprocessHook","filename":"subprocess.py","lineno":99}
{"timestamp":"2026-03-12T14:43:48.406307Z","level":"info","event":"\tat py4j.reflection.MethodInvoker.invoke(MethodInvoker.java:247)","logger":"airflow.task.hooks.airflow.providers.standard.hooks.subprocess.SubprocessHook","filename":"subprocess.py","lineno":99}
{"timestamp":"2026-03-12T14:43:48.406335Z","level":"info","event":"\tat py4j.reflection.ReflectionEngine.invoke(ReflectionEngine.java:374)","logger":"airflow.task.hooks.airflow.providers.standard.hooks.subprocess.SubprocessHook","filename":"subprocess.py","lineno":99}
{"timestamp":"2026-03-12T14:43:48.406378Z","level":"info","event":"\tat py4j.Gateway.invoke(Gateway.java:238)","logger":"airflow.task.hooks.airflow.providers.standard.hooks.subprocess.SubprocessHook","filename":"subprocess.py","lineno":99}
{"timestamp":"2026-03-12T14:43:48.406406Z","level":"info","event":"\tat py4j.commands.ConstructorCommand.invokeConstructor(ConstructorCommand.java:80)","logger":"airflow.task.hooks.airflow.providers.standard.hooks.subprocess.SubprocessHook","filename":"subprocess.py","lineno":99}
{"timestamp":"2026-03-12T14:43:48.406435Z","level":"info","event":"\tat py4j.commands.ConstructorCommand.execute(ConstructorCommand.java:69)","logger":"airflow.task.hooks.airflow.providers.standard.hooks.subprocess.SubprocessHook","filename":"subprocess.py","lineno":99}
{"timestamp":"2026-03-12T14:43:48.406460Z","level":"info","event":"\tat py4j.ClientServerConnection.waitForCommands(ClientServerConnection.java:182)","logger":"airflow.task.hooks.airflow.providers.standard.hooks.subprocess.SubprocessHook","filename":"subprocess.py","lineno":99}
{"timestamp":"2026-03-12T14:43:48.406488Z","level":"info","event":"\tat py4j.ClientServerConnection.run(ClientServerConnection.java:106)","logger":"airflow.task.hooks.airflow.providers.standard.hooks.subprocess.SubprocessHook","filename":"subprocess.py","lineno":99}
{"timestamp":"2026-03-12T14:43:48.406514Z","level":"info","event":"\tat java.base/java.lang.Thread.run(Thread.java:829)","logger":"airflow.task.hooks.airflow.providers.standard.hooks.subprocess.SubprocessHook","filename":"subprocess.py","lineno":99}
{"timestamp":"2026-03-12T14:43:48.406544Z","level":"info","event":"","logger":"airflow.task.hooks.airflow.providers.standard.hooks.subprocess.SubprocessHook","filename":"subprocess.py","lineno":99}
{"timestamp":"2026-03-12T14:43:48.406575Z","level":"info","event":"INFO:py4j.clientserver:Closing down clientserver connection","logger":"airflow.task.hooks.airflow.providers.standard.hooks.subprocess.SubprocessHook","filename":"subprocess.py","lineno":99}
{"timestamp":"2026-03-12T14:43:48.446547Z","level":"info","event":"26/03/12 21:43:48 INFO ShutdownHookManager: Shutdown hook called","logger":"airflow.task.hooks.airflow.providers.standard.hooks.subprocess.SubprocessHook","filename":"subprocess.py","lineno":99}
{"timestamp":"2026-03-12T14:43:48.447421Z","level":"info","event":"26/03/12 21:43:48 INFO ShutdownHookManager: Deleting directory /tmp/spark-e221b45c-b121-48fb-aa5a-5c9f87bacda3","logger":"airflow.task.hooks.airflow.providers.standard.hooks.subprocess.SubprocessHook","filename":"subprocess.py","lineno":99}
{"timestamp":"2026-03-12T14:43:48.450037Z","level":"info","event":"26/03/12 21:43:48 INFO ShutdownHookManager: Deleting directory /tmp/spark-1fdc4b43-450b-45b4-afa7-0ded4041040a","logger":"airflow.task.hooks.airflow.providers.standard.hooks.subprocess.SubprocessHook","filename":"subprocess.py","lineno":99}
{"timestamp":"2026-03-12T14:43:48.519779Z","level":"info","event":"Command exited with return code 1","logger":"airflow.task.hooks.airflow.providers.standard.hooks.subprocess.SubprocessHook","filename":"subprocess.py","lineno":103}
{"timestamp":"2026-03-12T14:43:48.520308Z","level":"error","event":"Task failed with exception","logger":"task","filename":"task_runner.py","lineno":986,"error_detail":[{"exc_type":"AirflowException","exc_value":"Bash command failed. The command returned a non-zero exit code 1.","exc_notes":[],"syntax_error":null,"is_cause":false,"frames":[{"filename":"/home/nql/PycharmProjects/HadoopDataPipeline/.venv/lib64/python3.12/site-packages/airflow/sdk/execution_time/task_runner.py","lineno":934,"name":"run"},{"filename":"/home/nql/PycharmProjects/HadoopDataPipeline/.venv/lib64/python3.12/site-packages/airflow/sdk/execution_time/task_runner.py","lineno":1325,"name":"_execute_task"},{"filename":"/home/nql/PycharmProjects/HadoopDataPipeline/.venv/lib64/python3.12/site-packages/airflow/sdk/bases/operator.py","lineno":417,"name":"wrapper"},{"filename":"/home/nql/PycharmProjects/HadoopDataPipeline/.venv/lib64/python3.12/site-packages/airflow/providers/standard/operators/bash.py","lineno":224,"name":"execute"}],"is_group":false,"exceptions":[]}]}
