{"timestamp":"2026-03-11T02:09:05.310319Z","level":"info","event":"DAG bundles loaded: dags-folder","logger":"airflow.dag_processing.bundles.manager.DagBundlesManager","filename":"manager.py","lineno":179}
{"timestamp":"2026-03-11T02:09:05.311410Z","level":"info","event":"Filling up the DagBag from /home/nql/PycharmProjects/HadoopDataPipeline/airflow/dags/hadoop_pipeline_dag.py","logger":"airflow.models.dagbag.DagBag","filename":"dagbag.py","lineno":593}
{"timestamp":"2026-03-11T02:09:05.392129Z","level":"info","event":"Tmp dir root location: /tmp","logger":"airflow.task.hooks.airflow.providers.standard.hooks.subprocess.SubprocessHook","filename":"subprocess.py","lineno":78}
{"timestamp":"2026-03-11T02:09:05.392863Z","level":"info","event":"Running command: ['/usr/bin/bash', '-c', '/home/sparkusr/spark-3.5.7/bin/spark-submit --master spark://192.168.1.39:7077 --deploy-mode client --executor-memory 2G --executor-cores 4 --total-executor-cores 16 --conf spark.sql.sources.partitionOverwriteMode=dynamic --conf spark.sql.shuffle.partitions=16 --conf spark.pyspark.python=/home/nql/PycharmProjects/HadoopDataPipeline/.venv/bin/python3.12 --conf spark.pyspark.driver.python=/home/nql/PycharmProjects/HadoopDataPipeline/.venv/bin/python3.12 --conf spark.eventLog.enabled=true --conf spark.eventLog.permissions=775 --conf spark.eventLog.dir=hdfs://localhost:9000/tmp/spark-history --conf spark.sql.adaptive.enabled=true --conf spark.sql.adaptive.skewJoin.enabled=true --jars /home/hiveusr/hive-4.0.0/lib/postgresql-42.7.4.jar  /home/nql/PycharmProjects/HadoopDataPipeline/src/etl/bronze_layer/run_bronze.py']","logger":"airflow.task.hooks.airflow.providers.standard.hooks.subprocess.SubprocessHook","filename":"subprocess.py","lineno":80}
{"timestamp":"2026-03-11T02:09:05.394081Z","level":"info","event":"Output:","logger":"airflow.task.hooks.airflow.providers.standard.hooks.subprocess.SubprocessHook","filename":"subprocess.py","lineno":92}
{"timestamp":"2026-03-11T02:09:07.884997Z","level":"info","event":"26/03/11 09:09:07 WARN NativeCodeLoader: Unable to load native-hadoop library for your platform... using builtin-java classes where applicable","logger":"airflow.task.hooks.airflow.providers.standard.hooks.subprocess.SubprocessHook","filename":"subprocess.py","lineno":99}
{"timestamp":"2026-03-11T02:09:09.259503Z","level":"info","event":"26/03/11 09:09:09 INFO SparkContext: Running Spark version 3.5.7","logger":"airflow.task.hooks.airflow.providers.standard.hooks.subprocess.SubprocessHook","filename":"subprocess.py","lineno":99}
{"timestamp":"2026-03-11T02:09:09.260140Z","level":"info","event":"26/03/11 09:09:09 INFO SparkContext: OS info Linux, 6.16.10-200.fc42.x86_64, amd64","logger":"airflow.task.hooks.airflow.providers.standard.hooks.subprocess.SubprocessHook","filename":"subprocess.py","lineno":99}
{"timestamp":"2026-03-11T02:09:09.260571Z","level":"info","event":"26/03/11 09:09:09 INFO SparkContext: Java version 11.0.29","logger":"airflow.task.hooks.airflow.providers.standard.hooks.subprocess.SubprocessHook","filename":"subprocess.py","lineno":99}
{"timestamp":"2026-03-11T02:09:09.296398Z","level":"info","event":"26/03/11 09:09:09 INFO ResourceUtils: ==============================================================","logger":"airflow.task.hooks.airflow.providers.standard.hooks.subprocess.SubprocessHook","filename":"subprocess.py","lineno":99}
{"timestamp":"2026-03-11T02:09:09.296857Z","level":"info","event":"26/03/11 09:09:09 INFO ResourceUtils: No custom resources configured for spark.driver.","logger":"airflow.task.hooks.airflow.providers.standard.hooks.subprocess.SubprocessHook","filename":"subprocess.py","lineno":99}
{"timestamp":"2026-03-11T02:09:09.297616Z","level":"info","event":"26/03/11 09:09:09 INFO ResourceUtils: ==============================================================","logger":"airflow.task.hooks.airflow.providers.standard.hooks.subprocess.SubprocessHook","filename":"subprocess.py","lineno":99}
{"timestamp":"2026-03-11T02:09:09.298209Z","level":"info","event":"26/03/11 09:09:09 INFO SparkContext: Submitted application: BronzeLayer","logger":"airflow.task.hooks.airflow.providers.standard.hooks.subprocess.SubprocessHook","filename":"subprocess.py","lineno":99}
{"timestamp":"2026-03-11T02:09:09.340793Z","level":"info","event":"26/03/11 09:09:09 INFO ResourceProfile: Default ResourceProfile created, executor resources: Map(cores -> name: cores, amount: 4, script: , vendor: , memory -> name: memory, amount: 2048, script: , vendor: , offHeap -> name: offHeap, amount: 0, script: , vendor: ), task resources: Map(cpus -> name: cpus, amount: 1.0)","logger":"airflow.task.hooks.airflow.providers.standard.hooks.subprocess.SubprocessHook","filename":"subprocess.py","lineno":99}
{"timestamp":"2026-03-11T02:09:09.378048Z","level":"info","event":"26/03/11 09:09:09 INFO ResourceProfile: Limiting resource is cpus at 4 tasks per executor","logger":"airflow.task.hooks.airflow.providers.standard.hooks.subprocess.SubprocessHook","filename":"subprocess.py","lineno":99}
{"timestamp":"2026-03-11T02:09:09.380746Z","level":"info","event":"26/03/11 09:09:09 INFO ResourceProfileManager: Added ResourceProfile id: 0","logger":"airflow.task.hooks.airflow.providers.standard.hooks.subprocess.SubprocessHook","filename":"subprocess.py","lineno":99}
{"timestamp":"2026-03-11T02:09:09.484712Z","level":"info","event":"26/03/11 09:09:09 INFO SecurityManager: Changing view acls to: nql","logger":"airflow.task.hooks.airflow.providers.standard.hooks.subprocess.SubprocessHook","filename":"subprocess.py","lineno":99}
{"timestamp":"2026-03-11T02:09:09.485138Z","level":"info","event":"26/03/11 09:09:09 INFO SecurityManager: Changing modify acls to: nql","logger":"airflow.task.hooks.airflow.providers.standard.hooks.subprocess.SubprocessHook","filename":"subprocess.py","lineno":99}
{"timestamp":"2026-03-11T02:09:09.485651Z","level":"info","event":"26/03/11 09:09:09 INFO SecurityManager: Changing view acls groups to:","logger":"airflow.task.hooks.airflow.providers.standard.hooks.subprocess.SubprocessHook","filename":"subprocess.py","lineno":99}
{"timestamp":"2026-03-11T02:09:09.486174Z","level":"info","event":"26/03/11 09:09:09 INFO SecurityManager: Changing modify acls groups to:","logger":"airflow.task.hooks.airflow.providers.standard.hooks.subprocess.SubprocessHook","filename":"subprocess.py","lineno":99}
{"timestamp":"2026-03-11T02:09:09.486705Z","level":"info","event":"26/03/11 09:09:09 INFO SecurityManager: SecurityManager: authentication disabled; ui acls disabled; users with view permissions: nql; groups with view permissions: EMPTY; users with modify permissions: nql; groups with modify permissions: EMPTY","logger":"airflow.task.hooks.airflow.providers.standard.hooks.subprocess.SubprocessHook","filename":"subprocess.py","lineno":99}
{"timestamp":"2026-03-11T02:09:09.824903Z","level":"info","event":"26/03/11 09:09:09 INFO Utils: Successfully started service 'sparkDriver' on port 36355.","logger":"airflow.task.hooks.airflow.providers.standard.hooks.subprocess.SubprocessHook","filename":"subprocess.py","lineno":99}
{"timestamp":"2026-03-11T02:09:09.896364Z","level":"info","event":"26/03/11 09:09:09 INFO SparkEnv: Registering MapOutputTracker","logger":"airflow.task.hooks.airflow.providers.standard.hooks.subprocess.SubprocessHook","filename":"subprocess.py","lineno":99}
{"timestamp":"2026-03-11T02:09:09.973174Z","level":"info","event":"26/03/11 09:09:09 INFO SparkEnv: Registering BlockManagerMaster","logger":"airflow.task.hooks.airflow.providers.standard.hooks.subprocess.SubprocessHook","filename":"subprocess.py","lineno":99}
{"timestamp":"2026-03-11T02:09:10.012467Z","level":"info","event":"26/03/11 09:09:10 INFO BlockManagerMasterEndpoint: Using org.apache.spark.storage.DefaultTopologyMapper for getting topology information","logger":"airflow.task.hooks.airflow.providers.standard.hooks.subprocess.SubprocessHook","filename":"subprocess.py","lineno":99}
{"timestamp":"2026-03-11T02:09:10.013083Z","level":"info","event":"26/03/11 09:09:10 INFO BlockManagerMasterEndpoint: BlockManagerMasterEndpoint up","logger":"airflow.task.hooks.airflow.providers.standard.hooks.subprocess.SubprocessHook","filename":"subprocess.py","lineno":99}
{"timestamp":"2026-03-11T02:09:10.018835Z","level":"info","event":"26/03/11 09:09:10 INFO SparkEnv: Registering BlockManagerMasterHeartbeat","logger":"airflow.task.hooks.airflow.providers.standard.hooks.subprocess.SubprocessHook","filename":"subprocess.py","lineno":99}
{"timestamp":"2026-03-11T02:09:10.053073Z","level":"info","event":"26/03/11 09:09:10 INFO DiskBlockManager: Created local directory at /tmp/blockmgr-9d861031-25f9-4338-91b9-43a0742c9795","logger":"airflow.task.hooks.airflow.providers.standard.hooks.subprocess.SubprocessHook","filename":"subprocess.py","lineno":99}
{"timestamp":"2026-03-11T02:09:10.073048Z","level":"info","event":"26/03/11 09:09:10 INFO MemoryStore: MemoryStore started with capacity 434.4 MiB","logger":"airflow.task.hooks.airflow.providers.standard.hooks.subprocess.SubprocessHook","filename":"subprocess.py","lineno":99}
{"timestamp":"2026-03-11T02:09:10.096913Z","level":"info","event":"26/03/11 09:09:10 INFO SparkEnv: Registering OutputCommitCoordinator","logger":"airflow.task.hooks.airflow.providers.standard.hooks.subprocess.SubprocessHook","filename":"subprocess.py","lineno":99}
{"timestamp":"2026-03-11T02:09:10.315662Z","level":"info","event":"26/03/11 09:09:10 INFO JettyUtils: Start Jetty 10.130.114.194:4040 for SparkUI","logger":"airflow.task.hooks.airflow.providers.standard.hooks.subprocess.SubprocessHook","filename":"subprocess.py","lineno":99}
{"timestamp":"2026-03-11T02:09:10.415228Z","level":"info","event":"26/03/11 09:09:10 INFO Utils: Successfully started service 'SparkUI' on port 4040.","logger":"airflow.task.hooks.airflow.providers.standard.hooks.subprocess.SubprocessHook","filename":"subprocess.py","lineno":99}
{"timestamp":"2026-03-11T02:09:10.475224Z","level":"info","event":"26/03/11 09:09:10 INFO SparkContext: Added JAR file:///home/hiveusr/hive-4.0.0/lib/postgresql-42.7.4.jar at spark://fedora:36355/jars/postgresql-42.7.4.jar with timestamp 1773194949246","logger":"airflow.task.hooks.airflow.providers.standard.hooks.subprocess.SubprocessHook","filename":"subprocess.py","lineno":99}
{"timestamp":"2026-03-11T02:09:10.600355Z","level":"info","event":"26/03/11 09:09:10 INFO StandaloneAppClient$ClientEndpoint: Connecting to master spark://192.168.1.39:7077...","logger":"airflow.task.hooks.airflow.providers.standard.hooks.subprocess.SubprocessHook","filename":"subprocess.py","lineno":99}
{"timestamp":"2026-03-11T02:09:30.606226Z","level":"info","event":"26/03/11 09:09:30 INFO StandaloneAppClient$ClientEndpoint: Connecting to master spark://192.168.1.39:7077...","logger":"airflow.task.hooks.airflow.providers.standard.hooks.subprocess.SubprocessHook","filename":"subprocess.py","lineno":99}
{"timestamp":"2026-03-11T02:09:50.602218Z","level":"info","event":"26/03/11 09:09:50 INFO StandaloneAppClient$ClientEndpoint: Connecting to master spark://192.168.1.39:7077...","logger":"airflow.task.hooks.airflow.providers.standard.hooks.subprocess.SubprocessHook","filename":"subprocess.py","lineno":99}
{"timestamp":"2026-03-11T02:10:10.603989Z","level":"info","event":"26/03/11 09:10:10 WARN StandaloneSchedulerBackend: Application ID is not initialized yet.","logger":"airflow.task.hooks.airflow.providers.standard.hooks.subprocess.SubprocessHook","filename":"subprocess.py","lineno":99}
{"timestamp":"2026-03-11T02:10:10.604203Z","level":"info","event":"26/03/11 09:10:10 ERROR StandaloneSchedulerBackend: Application has been killed. Reason: All masters are unresponsive! Giving up.","logger":"airflow.task.hooks.airflow.providers.standard.hooks.subprocess.SubprocessHook","filename":"subprocess.py","lineno":99}
{"timestamp":"2026-03-11T02:10:10.626043Z","level":"info","event":"26/03/11 09:10:10 INFO Utils: Successfully started service 'org.apache.spark.network.netty.NettyBlockTransferService' on port 43799.","logger":"airflow.task.hooks.airflow.providers.standard.hooks.subprocess.SubprocessHook","filename":"subprocess.py","lineno":99}
{"timestamp":"2026-03-11T02:10:10.626577Z","level":"info","event":"26/03/11 09:10:10 INFO NettyBlockTransferService: Server created on fedora:43799","logger":"airflow.task.hooks.airflow.providers.standard.hooks.subprocess.SubprocessHook","filename":"subprocess.py","lineno":99}
{"timestamp":"2026-03-11T02:10:10.630082Z","level":"info","event":"26/03/11 09:10:10 INFO BlockManager: Using org.apache.spark.storage.RandomBlockReplicationPolicy for block replication policy","logger":"airflow.task.hooks.airflow.providers.standard.hooks.subprocess.SubprocessHook","filename":"subprocess.py","lineno":99}
{"timestamp":"2026-03-11T02:10:10.645843Z","level":"info","event":"26/03/11 09:10:10 INFO BlockManagerMaster: Registering BlockManager BlockManagerId(driver, fedora, 43799, None)","logger":"airflow.task.hooks.airflow.providers.standard.hooks.subprocess.SubprocessHook","filename":"subprocess.py","lineno":99}
{"timestamp":"2026-03-11T02:10:10.655752Z","level":"info","event":"26/03/11 09:10:10 INFO BlockManagerMasterEndpoint: Registering block manager fedora:43799 with 434.4 MiB RAM, BlockManagerId(driver, fedora, 43799, None)","logger":"airflow.task.hooks.airflow.providers.standard.hooks.subprocess.SubprocessHook","filename":"subprocess.py","lineno":99}
{"timestamp":"2026-03-11T02:10:10.660765Z","level":"info","event":"26/03/11 09:10:10 INFO BlockManagerMaster: Registered BlockManager BlockManagerId(driver, fedora, 43799, None)","logger":"airflow.task.hooks.airflow.providers.standard.hooks.subprocess.SubprocessHook","filename":"subprocess.py","lineno":99}
{"timestamp":"2026-03-11T02:10:10.662906Z","level":"info","event":"26/03/11 09:10:10 INFO BlockManager: Initialized BlockManager: BlockManagerId(driver, fedora, 43799, None)","logger":"airflow.task.hooks.airflow.providers.standard.hooks.subprocess.SubprocessHook","filename":"subprocess.py","lineno":99}
{"timestamp":"2026-03-11T02:10:11.344764Z","level":"info","event":"26/03/11 09:10:11 INFO SparkContext: SparkContext is stopping with exitCode 0.","logger":"airflow.task.hooks.airflow.providers.standard.hooks.subprocess.SubprocessHook","filename":"subprocess.py","lineno":99}
{"timestamp":"2026-03-11T02:10:11.373528Z","level":"info","event":"26/03/11 09:10:11 INFO SparkUI: Stopped Spark web UI at http://fedora:4040","logger":"airflow.task.hooks.airflow.providers.standard.hooks.subprocess.SubprocessHook","filename":"subprocess.py","lineno":99}
{"timestamp":"2026-03-11T02:10:11.386173Z","level":"info","event":"26/03/11 09:10:11 INFO StandaloneSchedulerBackend: Shutting down all executors","logger":"airflow.task.hooks.airflow.providers.standard.hooks.subprocess.SubprocessHook","filename":"subprocess.py","lineno":99}
{"timestamp":"2026-03-11T02:10:11.395195Z","level":"info","event":"26/03/11 09:10:11 INFO StandaloneSchedulerBackend$StandaloneDriverEndpoint: Asking each executor to shut down","logger":"airflow.task.hooks.airflow.providers.standard.hooks.subprocess.SubprocessHook","filename":"subprocess.py","lineno":99}
{"timestamp":"2026-03-11T02:10:11.407121Z","level":"info","event":"26/03/11 09:10:11 WARN StandaloneAppClient$ClientEndpoint: Drop UnregisterApplication(null) because has not yet connected to master","logger":"airflow.task.hooks.airflow.providers.standard.hooks.subprocess.SubprocessHook","filename":"subprocess.py","lineno":99}
{"timestamp":"2026-03-11T02:10:11.426980Z","level":"info","event":"26/03/11 09:10:11 INFO MapOutputTrackerMasterEndpoint: MapOutputTrackerMasterEndpoint stopped!","logger":"airflow.task.hooks.airflow.providers.standard.hooks.subprocess.SubprocessHook","filename":"subprocess.py","lineno":99}
{"timestamp":"2026-03-11T02:10:11.446468Z","level":"info","event":"26/03/11 09:10:11 INFO MemoryStore: MemoryStore cleared","logger":"airflow.task.hooks.airflow.providers.standard.hooks.subprocess.SubprocessHook","filename":"subprocess.py","lineno":99}
{"timestamp":"2026-03-11T02:10:11.446850Z","level":"info","event":"26/03/11 09:10:11 INFO BlockManager: BlockManager stopped","logger":"airflow.task.hooks.airflow.providers.standard.hooks.subprocess.SubprocessHook","filename":"subprocess.py","lineno":99}
{"timestamp":"2026-03-11T02:10:11.463033Z","level":"info","event":"26/03/11 09:10:11 INFO BlockManagerMaster: BlockManagerMaster stopped","logger":"airflow.task.hooks.airflow.providers.standard.hooks.subprocess.SubprocessHook","filename":"subprocess.py","lineno":99}
{"timestamp":"2026-03-11T02:10:11.471067Z","level":"info","event":"26/03/11 09:10:11 INFO OutputCommitCoordinator$OutputCommitCoordinatorEndpoint: OutputCommitCoordinator stopped!","logger":"airflow.task.hooks.airflow.providers.standard.hooks.subprocess.SubprocessHook","filename":"subprocess.py","lineno":99}
{"timestamp":"2026-03-11T02:10:11.479314Z","level":"info","event":"26/03/11 09:10:11 INFO SparkContext: Successfully stopped SparkContext","logger":"airflow.task.hooks.airflow.providers.standard.hooks.subprocess.SubprocessHook","filename":"subprocess.py","lineno":99}
{"timestamp":"2026-03-11T02:10:11.679739Z","level":"info","event":"26/03/11 09:10:11 INFO SingleEventLogFileWriter: Logging events to hdfs://localhost:9000/tmp/spark-history/spark-application-1773194950523.inprogress","logger":"airflow.task.hooks.airflow.providers.standard.hooks.subprocess.SubprocessHook","filename":"subprocess.py","lineno":99}
{"timestamp":"2026-03-11T02:10:12.163188Z","level":"info","event":"26/03/11 09:10:12 ERROR AsyncEventQueue: Listener AppStatusListener threw an exception","logger":"airflow.task.hooks.airflow.providers.standard.hooks.subprocess.SubprocessHook","filename":"subprocess.py","lineno":99}
{"timestamp":"2026-03-11T02:10:12.163437Z","level":"info","event":"java.lang.NullPointerException","logger":"airflow.task.hooks.airflow.providers.standard.hooks.subprocess.SubprocessHook","filename":"subprocess.py","lineno":99}
{"timestamp":"2026-03-11T02:10:12.163489Z","level":"info","event":"\tat org.apache.spark.status.AppStatusListener.onApplicationEnd(AppStatusListener.scala:193)","logger":"airflow.task.hooks.airflow.providers.standard.hooks.subprocess.SubprocessHook","filename":"subprocess.py","lineno":99}
{"timestamp":"2026-03-11T02:10:12.163524Z","level":"info","event":"\tat org.apache.spark.scheduler.SparkListenerBus.doPostEvent(SparkListenerBus.scala:57)","logger":"airflow.task.hooks.airflow.providers.standard.hooks.subprocess.SubprocessHook","filename":"subprocess.py","lineno":99}
{"timestamp":"2026-03-11T02:10:12.163555Z","level":"info","event":"\tat org.apache.spark.scheduler.SparkListenerBus.doPostEvent$(SparkListenerBus.scala:28)","logger":"airflow.task.hooks.airflow.providers.standard.hooks.subprocess.SubprocessHook","filename":"subprocess.py","lineno":99}
{"timestamp":"2026-03-11T02:10:12.163586Z","level":"info","event":"\tat org.apache.spark.scheduler.AsyncEventQueue.doPostEvent(AsyncEventQueue.scala:37)","logger":"airflow.task.hooks.airflow.providers.standard.hooks.subprocess.SubprocessHook","filename":"subprocess.py","lineno":99}
{"timestamp":"2026-03-11T02:10:12.163612Z","level":"info","event":"\tat org.apache.spark.scheduler.AsyncEventQueue.doPostEvent(AsyncEventQueue.scala:37)","logger":"airflow.task.hooks.airflow.providers.standard.hooks.subprocess.SubprocessHook","filename":"subprocess.py","lineno":99}
{"timestamp":"2026-03-11T02:10:12.163638Z","level":"info","event":"\tat org.apache.spark.util.ListenerBus.postToAll(ListenerBus.scala:117)","logger":"airflow.task.hooks.airflow.providers.standard.hooks.subprocess.SubprocessHook","filename":"subprocess.py","lineno":99}
{"timestamp":"2026-03-11T02:10:12.163665Z","level":"info","event":"\tat org.apache.spark.util.ListenerBus.postToAll$(ListenerBus.scala:101)","logger":"airflow.task.hooks.airflow.providers.standard.hooks.subprocess.SubprocessHook","filename":"subprocess.py","lineno":99}
{"timestamp":"2026-03-11T02:10:12.163690Z","level":"info","event":"\tat org.apache.spark.scheduler.AsyncEventQueue.super$postToAll(AsyncEventQueue.scala:105)","logger":"airflow.task.hooks.airflow.providers.standard.hooks.subprocess.SubprocessHook","filename":"subprocess.py","lineno":99}
{"timestamp":"2026-03-11T02:10:12.163715Z","level":"info","event":"\tat org.apache.spark.scheduler.AsyncEventQueue.$anonfun$dispatch$1(AsyncEventQueue.scala:105)","logger":"airflow.task.hooks.airflow.providers.standard.hooks.subprocess.SubprocessHook","filename":"subprocess.py","lineno":99}
{"timestamp":"2026-03-11T02:10:12.163741Z","level":"info","event":"\tat scala.runtime.java8.JFunction0$mcJ$sp.apply(JFunction0$mcJ$sp.java:23)","logger":"airflow.task.hooks.airflow.providers.standard.hooks.subprocess.SubprocessHook","filename":"subprocess.py","lineno":99}
{"timestamp":"2026-03-11T02:10:12.163766Z","level":"info","event":"\tat scala.util.DynamicVariable.withValue(DynamicVariable.scala:62)","logger":"airflow.task.hooks.airflow.providers.standard.hooks.subprocess.SubprocessHook","filename":"subprocess.py","lineno":99}
{"timestamp":"2026-03-11T02:10:12.163792Z","level":"info","event":"\tat org.apache.spark.scheduler.AsyncEventQueue.org$apache$spark$scheduler$AsyncEventQueue$$dispatch(AsyncEventQueue.scala:100)","logger":"airflow.task.hooks.airflow.providers.standard.hooks.subprocess.SubprocessHook","filename":"subprocess.py","lineno":99}
{"timestamp":"2026-03-11T02:10:12.163818Z","level":"info","event":"\tat org.apache.spark.scheduler.AsyncEventQueue$$anon$2.$anonfun$run$1(AsyncEventQueue.scala:96)","logger":"airflow.task.hooks.airflow.providers.standard.hooks.subprocess.SubprocessHook","filename":"subprocess.py","lineno":99}
{"timestamp":"2026-03-11T02:10:12.163843Z","level":"info","event":"\tat org.apache.spark.util.Utils$.tryOrStopSparkContext(Utils.scala:1356)","logger":"airflow.task.hooks.airflow.providers.standard.hooks.subprocess.SubprocessHook","filename":"subprocess.py","lineno":99}
{"timestamp":"2026-03-11T02:10:12.163868Z","level":"info","event":"\tat org.apache.spark.scheduler.AsyncEventQueue$$anon$2.run(AsyncEventQueue.scala:96)","logger":"airflow.task.hooks.airflow.providers.standard.hooks.subprocess.SubprocessHook","filename":"subprocess.py","lineno":99}
{"timestamp":"2026-03-11T02:10:12.180459Z","level":"info","event":"26/03/11 09:10:12 ERROR SparkContext: Error initializing SparkContext.","logger":"airflow.task.hooks.airflow.providers.standard.hooks.subprocess.SubprocessHook","filename":"subprocess.py","lineno":99}
{"timestamp":"2026-03-11T02:10:12.180699Z","level":"info","event":"java.lang.IllegalArgumentException: requirement failed: Can only call getServletHandlers on a running MetricsSystem","logger":"airflow.task.hooks.airflow.providers.standard.hooks.subprocess.SubprocessHook","filename":"subprocess.py","lineno":99}
{"timestamp":"2026-03-11T02:10:12.180758Z","level":"info","event":"\tat scala.Predef$.require(Predef.scala:281)","logger":"airflow.task.hooks.airflow.providers.standard.hooks.subprocess.SubprocessHook","filename":"subprocess.py","lineno":99}
{"timestamp":"2026-03-11T02:10:12.180805Z","level":"info","event":"\tat org.apache.spark.metrics.MetricsSystem.getServletHandlers(MetricsSystem.scala:89)","logger":"airflow.task.hooks.airflow.providers.standard.hooks.subprocess.SubprocessHook","filename":"subprocess.py","lineno":99}
{"timestamp":"2026-03-11T02:10:12.180848Z","level":"info","event":"\tat org.apache.spark.SparkContext.<init>(SparkContext.scala:671)","logger":"airflow.task.hooks.airflow.providers.standard.hooks.subprocess.SubprocessHook","filename":"subprocess.py","lineno":99}
{"timestamp":"2026-03-11T02:10:12.180890Z","level":"info","event":"\tat org.apache.spark.api.java.JavaSparkContext.<init>(JavaSparkContext.scala:58)","logger":"airflow.task.hooks.airflow.providers.standard.hooks.subprocess.SubprocessHook","filename":"subprocess.py","lineno":99}
{"timestamp":"2026-03-11T02:10:12.180931Z","level":"info","event":"\tat java.base/jdk.internal.reflect.NativeConstructorAccessorImpl.newInstance0(Native Method)","logger":"airflow.task.hooks.airflow.providers.standard.hooks.subprocess.SubprocessHook","filename":"subprocess.py","lineno":99}
{"timestamp":"2026-03-11T02:10:12.180974Z","level":"info","event":"\tat java.base/jdk.internal.reflect.NativeConstructorAccessorImpl.newInstance(NativeConstructorAccessorImpl.java:62)","logger":"airflow.task.hooks.airflow.providers.standard.hooks.subprocess.SubprocessHook","filename":"subprocess.py","lineno":99}
{"timestamp":"2026-03-11T02:10:12.181014Z","level":"info","event":"\tat java.base/jdk.internal.reflect.DelegatingConstructorAccessorImpl.newInstance(DelegatingConstructorAccessorImpl.java:45)","logger":"airflow.task.hooks.airflow.providers.standard.hooks.subprocess.SubprocessHook","filename":"subprocess.py","lineno":99}
{"timestamp":"2026-03-11T02:10:12.181063Z","level":"info","event":"\tat java.base/java.lang.reflect.Constructor.newInstance(Constructor.java:490)","logger":"airflow.task.hooks.airflow.providers.standard.hooks.subprocess.SubprocessHook","filename":"subprocess.py","lineno":99}
{"timestamp":"2026-03-11T02:10:12.181106Z","level":"info","event":"\tat py4j.reflection.MethodInvoker.invoke(MethodInvoker.java:247)","logger":"airflow.task.hooks.airflow.providers.standard.hooks.subprocess.SubprocessHook","filename":"subprocess.py","lineno":99}
{"timestamp":"2026-03-11T02:10:12.181146Z","level":"info","event":"\tat py4j.reflection.ReflectionEngine.invoke(ReflectionEngine.java:374)","logger":"airflow.task.hooks.airflow.providers.standard.hooks.subprocess.SubprocessHook","filename":"subprocess.py","lineno":99}
{"timestamp":"2026-03-11T02:10:12.181186Z","level":"info","event":"\tat py4j.Gateway.invoke(Gateway.java:238)","logger":"airflow.task.hooks.airflow.providers.standard.hooks.subprocess.SubprocessHook","filename":"subprocess.py","lineno":99}
{"timestamp":"2026-03-11T02:10:12.181226Z","level":"info","event":"\tat py4j.commands.ConstructorCommand.invokeConstructor(ConstructorCommand.java:80)","logger":"airflow.task.hooks.airflow.providers.standard.hooks.subprocess.SubprocessHook","filename":"subprocess.py","lineno":99}
{"timestamp":"2026-03-11T02:10:12.181265Z","level":"info","event":"\tat py4j.commands.ConstructorCommand.execute(ConstructorCommand.java:69)","logger":"airflow.task.hooks.airflow.providers.standard.hooks.subprocess.SubprocessHook","filename":"subprocess.py","lineno":99}
{"timestamp":"2026-03-11T02:10:12.181304Z","level":"info","event":"\tat py4j.ClientServerConnection.waitForCommands(ClientServerConnection.java:182)","logger":"airflow.task.hooks.airflow.providers.standard.hooks.subprocess.SubprocessHook","filename":"subprocess.py","lineno":99}
{"timestamp":"2026-03-11T02:10:12.181345Z","level":"info","event":"\tat py4j.ClientServerConnection.run(ClientServerConnection.java:106)","logger":"airflow.task.hooks.airflow.providers.standard.hooks.subprocess.SubprocessHook","filename":"subprocess.py","lineno":99}
{"timestamp":"2026-03-11T02:10:12.181386Z","level":"info","event":"\tat java.base/java.lang.Thread.run(Thread.java:829)","logger":"airflow.task.hooks.airflow.providers.standard.hooks.subprocess.SubprocessHook","filename":"subprocess.py","lineno":99}
{"timestamp":"2026-03-11T02:10:12.181436Z","level":"info","event":"26/03/11 09:10:12 INFO SparkContext: SparkContext is stopping with exitCode 0.","logger":"airflow.task.hooks.airflow.providers.standard.hooks.subprocess.SubprocessHook","filename":"subprocess.py","lineno":99}
{"timestamp":"2026-03-11T02:10:12.181478Z","level":"info","event":"26/03/11 09:10:12 INFO SparkContext: SparkContext already stopped.","logger":"airflow.task.hooks.airflow.providers.standard.hooks.subprocess.SubprocessHook","filename":"subprocess.py","lineno":99}
{"timestamp":"2026-03-11T02:10:12.181675Z","level":"info","event":"Traceback (most recent call last):","logger":"airflow.task.hooks.airflow.providers.standard.hooks.subprocess.SubprocessHook","filename":"subprocess.py","lineno":99}
{"timestamp":"2026-03-11T02:10:12.181786Z","level":"info","event":"  File \"/home/nql/PycharmProjects/HadoopDataPipeline/src/etl/bronze_layer/run_bronze.py\", line 15, in <module>","logger":"airflow.task.hooks.airflow.providers.standard.hooks.subprocess.SubprocessHook","filename":"subprocess.py","lineno":99}
{"timestamp":"2026-03-11T02:10:12.181851Z","level":"info","event":"    spark = SparkSession.builder.appName(\"BronzeLayer\").enableHiveSupport().getOrCreate()","logger":"airflow.task.hooks.airflow.providers.standard.hooks.subprocess.SubprocessHook","filename":"subprocess.py","lineno":99}
{"timestamp":"2026-03-11T02:10:12.181905Z","level":"info","event":"            ^^^^^^^^^^^^^^^^^^^^^^^^^^^^^^^^^^^^^^^^^^^^^^^^^^^^^^^^^^^^^^^^^^^^^^^^^^^^^","logger":"airflow.task.hooks.airflow.providers.standard.hooks.subprocess.SubprocessHook","filename":"subprocess.py","lineno":99}
{"timestamp":"2026-03-11T02:10:12.181950Z","level":"info","event":"  File \"/home/sparkusr/spark-3.5.7/python/lib/pyspark.zip/pyspark/sql/session.py\", line 497, in getOrCreate","logger":"airflow.task.hooks.airflow.providers.standard.hooks.subprocess.SubprocessHook","filename":"subprocess.py","lineno":99}
{"timestamp":"2026-03-11T02:10:12.183980Z","level":"info","event":"  File \"/home/sparkusr/spark-3.5.7/python/lib/pyspark.zip/pyspark/context.py\", line 515, in getOrCreate","logger":"airflow.task.hooks.airflow.providers.standard.hooks.subprocess.SubprocessHook","filename":"subprocess.py","lineno":99}
{"timestamp":"2026-03-11T02:10:12.184494Z","level":"info","event":"  File \"/home/sparkusr/spark-3.5.7/python/lib/pyspark.zip/pyspark/context.py\", line 203, in __init__","logger":"airflow.task.hooks.airflow.providers.standard.hooks.subprocess.SubprocessHook","filename":"subprocess.py","lineno":99}
{"timestamp":"2026-03-11T02:10:12.184623Z","level":"info","event":"  File \"/home/sparkusr/spark-3.5.7/python/lib/pyspark.zip/pyspark/context.py\", line 296, in _do_init","logger":"airflow.task.hooks.airflow.providers.standard.hooks.subprocess.SubprocessHook","filename":"subprocess.py","lineno":99}
{"timestamp":"2026-03-11T02:10:12.184683Z","level":"info","event":"  File \"/home/sparkusr/spark-3.5.7/python/lib/pyspark.zip/pyspark/context.py\", line 421, in _initialize_context","logger":"airflow.task.hooks.airflow.providers.standard.hooks.subprocess.SubprocessHook","filename":"subprocess.py","lineno":99}
{"timestamp":"2026-03-11T02:10:12.184764Z","level":"info","event":"  File \"/home/sparkusr/spark-3.5.7/python/lib/py4j-0.10.9.7-src.zip/py4j/java_gateway.py\", line 1587, in __call__","logger":"airflow.task.hooks.airflow.providers.standard.hooks.subprocess.SubprocessHook","filename":"subprocess.py","lineno":99}
{"timestamp":"2026-03-11T02:10:12.184811Z","level":"info","event":"  File \"/home/sparkusr/spark-3.5.7/python/lib/py4j-0.10.9.7-src.zip/py4j/protocol.py\", line 326, in get_return_value","logger":"airflow.task.hooks.airflow.providers.standard.hooks.subprocess.SubprocessHook","filename":"subprocess.py","lineno":99}
{"timestamp":"2026-03-11T02:10:12.185904Z","level":"info","event":"py4j.protocol.Py4JJavaError: An error occurred while calling None.org.apache.spark.api.java.JavaSparkContext.","logger":"airflow.task.hooks.airflow.providers.standard.hooks.subprocess.SubprocessHook","filename":"subprocess.py","lineno":99}
{"timestamp":"2026-03-11T02:10:12.185964Z","level":"info","event":": java.lang.IllegalArgumentException: requirement failed: Can only call getServletHandlers on a running MetricsSystem","logger":"airflow.task.hooks.airflow.providers.standard.hooks.subprocess.SubprocessHook","filename":"subprocess.py","lineno":99}
{"timestamp":"2026-03-11T02:10:12.186005Z","level":"info","event":"\tat scala.Predef$.require(Predef.scala:281)","logger":"airflow.task.hooks.airflow.providers.standard.hooks.subprocess.SubprocessHook","filename":"subprocess.py","lineno":99}
{"timestamp":"2026-03-11T02:10:12.186044Z","level":"info","event":"\tat org.apache.spark.metrics.MetricsSystem.getServletHandlers(MetricsSystem.scala:89)","logger":"airflow.task.hooks.airflow.providers.standard.hooks.subprocess.SubprocessHook","filename":"subprocess.py","lineno":99}
{"timestamp":"2026-03-11T02:10:12.186094Z","level":"info","event":"\tat org.apache.spark.SparkContext.<init>(SparkContext.scala:671)","logger":"airflow.task.hooks.airflow.providers.standard.hooks.subprocess.SubprocessHook","filename":"subprocess.py","lineno":99}
{"timestamp":"2026-03-11T02:10:12.186133Z","level":"info","event":"\tat org.apache.spark.api.java.JavaSparkContext.<init>(JavaSparkContext.scala:58)","logger":"airflow.task.hooks.airflow.providers.standard.hooks.subprocess.SubprocessHook","filename":"subprocess.py","lineno":99}
{"timestamp":"2026-03-11T02:10:12.186173Z","level":"info","event":"\tat java.base/jdk.internal.reflect.NativeConstructorAccessorImpl.newInstance0(Native Method)","logger":"airflow.task.hooks.airflow.providers.standard.hooks.subprocess.SubprocessHook","filename":"subprocess.py","lineno":99}
{"timestamp":"2026-03-11T02:10:12.186211Z","level":"info","event":"\tat java.base/jdk.internal.reflect.NativeConstructorAccessorImpl.newInstance(NativeConstructorAccessorImpl.java:62)","logger":"airflow.task.hooks.airflow.providers.standard.hooks.subprocess.SubprocessHook","filename":"subprocess.py","lineno":99}
{"timestamp":"2026-03-11T02:10:12.186251Z","level":"info","event":"\tat java.base/jdk.internal.reflect.DelegatingConstructorAccessorImpl.newInstance(DelegatingConstructorAccessorImpl.java:45)","logger":"airflow.task.hooks.airflow.providers.standard.hooks.subprocess.SubprocessHook","filename":"subprocess.py","lineno":99}
{"timestamp":"2026-03-11T02:10:12.186291Z","level":"info","event":"\tat java.base/java.lang.reflect.Constructor.newInstance(Constructor.java:490)","logger":"airflow.task.hooks.airflow.providers.standard.hooks.subprocess.SubprocessHook","filename":"subprocess.py","lineno":99}
{"timestamp":"2026-03-11T02:10:12.186332Z","level":"info","event":"\tat py4j.reflection.MethodInvoker.invoke(MethodInvoker.java:247)","logger":"airflow.task.hooks.airflow.providers.standard.hooks.subprocess.SubprocessHook","filename":"subprocess.py","lineno":99}
{"timestamp":"2026-03-11T02:10:12.186372Z","level":"info","event":"\tat py4j.reflection.ReflectionEngine.invoke(ReflectionEngine.java:374)","logger":"airflow.task.hooks.airflow.providers.standard.hooks.subprocess.SubprocessHook","filename":"subprocess.py","lineno":99}
{"timestamp":"2026-03-11T02:10:12.186415Z","level":"info","event":"\tat py4j.Gateway.invoke(Gateway.java:238)","logger":"airflow.task.hooks.airflow.providers.standard.hooks.subprocess.SubprocessHook","filename":"subprocess.py","lineno":99}
{"timestamp":"2026-03-11T02:10:12.186455Z","level":"info","event":"\tat py4j.commands.ConstructorCommand.invokeConstructor(ConstructorCommand.java:80)","logger":"airflow.task.hooks.airflow.providers.standard.hooks.subprocess.SubprocessHook","filename":"subprocess.py","lineno":99}
{"timestamp":"2026-03-11T02:10:12.186496Z","level":"info","event":"\tat py4j.commands.ConstructorCommand.execute(ConstructorCommand.java:69)","logger":"airflow.task.hooks.airflow.providers.standard.hooks.subprocess.SubprocessHook","filename":"subprocess.py","lineno":99}
{"timestamp":"2026-03-11T02:10:12.186535Z","level":"info","event":"\tat py4j.ClientServerConnection.waitForCommands(ClientServerConnection.java:182)","logger":"airflow.task.hooks.airflow.providers.standard.hooks.subprocess.SubprocessHook","filename":"subprocess.py","lineno":99}
{"timestamp":"2026-03-11T02:10:12.186573Z","level":"info","event":"\tat py4j.ClientServerConnection.run(ClientServerConnection.java:106)","logger":"airflow.task.hooks.airflow.providers.standard.hooks.subprocess.SubprocessHook","filename":"subprocess.py","lineno":99}
{"timestamp":"2026-03-11T02:10:12.186613Z","level":"info","event":"\tat java.base/java.lang.Thread.run(Thread.java:829)","logger":"airflow.task.hooks.airflow.providers.standard.hooks.subprocess.SubprocessHook","filename":"subprocess.py","lineno":99}
{"timestamp":"2026-03-11T02:10:12.186653Z","level":"info","event":"","logger":"airflow.task.hooks.airflow.providers.standard.hooks.subprocess.SubprocessHook","filename":"subprocess.py","lineno":99}
{"timestamp":"2026-03-11T02:10:12.186694Z","level":"info","event":"INFO:py4j.clientserver:Closing down clientserver connection","logger":"airflow.task.hooks.airflow.providers.standard.hooks.subprocess.SubprocessHook","filename":"subprocess.py","lineno":99}
{"timestamp":"2026-03-11T02:10:12.266045Z","level":"info","event":"26/03/11 09:10:12 INFO ShutdownHookManager: Shutdown hook called","logger":"airflow.task.hooks.airflow.providers.standard.hooks.subprocess.SubprocessHook","filename":"subprocess.py","lineno":99}
{"timestamp":"2026-03-11T02:10:12.267399Z","level":"info","event":"26/03/11 09:10:12 INFO ShutdownHookManager: Deleting directory /tmp/spark-0d2958d7-2a00-415c-9a32-ae5f59330b96","logger":"airflow.task.hooks.airflow.providers.standard.hooks.subprocess.SubprocessHook","filename":"subprocess.py","lineno":99}
{"timestamp":"2026-03-11T02:10:12.271435Z","level":"info","event":"26/03/11 09:10:12 INFO ShutdownHookManager: Deleting directory /tmp/spark-d0aecc56-ff77-4509-bbf9-c25370fd5395","logger":"airflow.task.hooks.airflow.providers.standard.hooks.subprocess.SubprocessHook","filename":"subprocess.py","lineno":99}
{"timestamp":"2026-03-11T02:10:12.778815Z","level":"info","event":"Command exited with return code 1","logger":"airflow.task.hooks.airflow.providers.standard.hooks.subprocess.SubprocessHook","filename":"subprocess.py","lineno":103}
{"timestamp":"2026-03-11T02:10:12.779824Z","level":"error","event":"Task failed with exception","logger":"task","filename":"task_runner.py","lineno":986,"error_detail":[{"exc_type":"AirflowException","exc_value":"Bash command failed. The command returned a non-zero exit code 1.","exc_notes":[],"syntax_error":null,"is_cause":false,"frames":[{"filename":"/home/nql/PycharmProjects/HadoopDataPipeline/.venv/lib64/python3.12/site-packages/airflow/sdk/execution_time/task_runner.py","lineno":934,"name":"run"},{"filename":"/home/nql/PycharmProjects/HadoopDataPipeline/.venv/lib64/python3.12/site-packages/airflow/sdk/execution_time/task_runner.py","lineno":1325,"name":"_execute_task"},{"filename":"/home/nql/PycharmProjects/HadoopDataPipeline/.venv/lib64/python3.12/site-packages/airflow/sdk/bases/operator.py","lineno":417,"name":"wrapper"},{"filename":"/home/nql/PycharmProjects/HadoopDataPipeline/.venv/lib64/python3.12/site-packages/airflow/providers/standard/operators/bash.py","lineno":224,"name":"execute"}],"is_group":false,"exceptions":[]}]}
