{"timestamp":"2026-03-11T02:12:55.964864Z","level":"info","event":"DAG bundles loaded: dags-folder","logger":"airflow.dag_processing.bundles.manager.DagBundlesManager","filename":"manager.py","lineno":179}
{"timestamp":"2026-03-11T02:12:55.966144Z","level":"info","event":"Filling up the DagBag from /home/nql/PycharmProjects/HadoopDataPipeline/airflow/dags/hadoop_pipeline_dag.py","logger":"airflow.models.dagbag.DagBag","filename":"dagbag.py","lineno":593}
{"timestamp":"2026-03-11T02:12:56.030639Z","level":"info","event":"Tmp dir root location: /tmp","logger":"airflow.task.hooks.airflow.providers.standard.hooks.subprocess.SubprocessHook","filename":"subprocess.py","lineno":78}
{"timestamp":"2026-03-11T02:12:56.031140Z","level":"info","event":"Running command: ['/usr/bin/bash', '-c', '/home/sparkusr/spark-3.5.7/bin/spark-submit --master spark://192.168.1.39:7077 --deploy-mode client --executor-memory 2G --executor-cores 4 --total-executor-cores 16 --conf spark.sql.sources.partitionOverwriteMode=dynamic --conf spark.sql.shuffle.partitions=16 --conf spark.pyspark.python=/home/nql/PycharmProjects/HadoopDataPipeline/.venv/bin/python3.12 --conf spark.pyspark.driver.python=/home/nql/PycharmProjects/HadoopDataPipeline/.venv/bin/python3.12 --conf spark.eventLog.enabled=true --conf spark.eventLog.permissions=775 --conf spark.eventLog.dir=hdfs://localhost:9000/tmp/spark-history --conf spark.sql.adaptive.enabled=true --conf spark.sql.adaptive.skewJoin.enabled=true --jars /home/hiveusr/hive-4.0.0/lib/postgresql-42.7.4.jar  /home/nql/PycharmProjects/HadoopDataPipeline/src/etl/bronze_layer/run_bronze.py']","logger":"airflow.task.hooks.airflow.providers.standard.hooks.subprocess.SubprocessHook","filename":"subprocess.py","lineno":80}
{"timestamp":"2026-03-11T02:12:56.032152Z","level":"info","event":"Output:","logger":"airflow.task.hooks.airflow.providers.standard.hooks.subprocess.SubprocessHook","filename":"subprocess.py","lineno":92}
{"timestamp":"2026-03-11T02:12:59.203669Z","level":"info","event":"26/03/11 09:12:59 WARN NativeCodeLoader: Unable to load native-hadoop library for your platform... using builtin-java classes where applicable","logger":"airflow.task.hooks.airflow.providers.standard.hooks.subprocess.SubprocessHook","filename":"subprocess.py","lineno":99}
{"timestamp":"2026-03-11T02:13:00.592030Z","level":"info","event":"26/03/11 09:13:00 INFO SparkContext: Running Spark version 3.5.7","logger":"airflow.task.hooks.airflow.providers.standard.hooks.subprocess.SubprocessHook","filename":"subprocess.py","lineno":99}
{"timestamp":"2026-03-11T02:13:00.592645Z","level":"info","event":"26/03/11 09:13:00 INFO SparkContext: OS info Linux, 6.16.10-200.fc42.x86_64, amd64","logger":"airflow.task.hooks.airflow.providers.standard.hooks.subprocess.SubprocessHook","filename":"subprocess.py","lineno":99}
{"timestamp":"2026-03-11T02:13:00.593142Z","level":"info","event":"26/03/11 09:13:00 INFO SparkContext: Java version 11.0.29","logger":"airflow.task.hooks.airflow.providers.standard.hooks.subprocess.SubprocessHook","filename":"subprocess.py","lineno":99}
{"timestamp":"2026-03-11T02:13:00.652910Z","level":"info","event":"26/03/11 09:13:00 INFO ResourceUtils: ==============================================================","logger":"airflow.task.hooks.airflow.providers.standard.hooks.subprocess.SubprocessHook","filename":"subprocess.py","lineno":99}
{"timestamp":"2026-03-11T02:13:00.653251Z","level":"info","event":"26/03/11 09:13:00 INFO ResourceUtils: No custom resources configured for spark.driver.","logger":"airflow.task.hooks.airflow.providers.standard.hooks.subprocess.SubprocessHook","filename":"subprocess.py","lineno":99}
{"timestamp":"2026-03-11T02:13:00.653674Z","level":"info","event":"26/03/11 09:13:00 INFO ResourceUtils: ==============================================================","logger":"airflow.task.hooks.airflow.providers.standard.hooks.subprocess.SubprocessHook","filename":"subprocess.py","lineno":99}
{"timestamp":"2026-03-11T02:13:00.654331Z","level":"info","event":"26/03/11 09:13:00 INFO SparkContext: Submitted application: BronzeLayer","logger":"airflow.task.hooks.airflow.providers.standard.hooks.subprocess.SubprocessHook","filename":"subprocess.py","lineno":99}
{"timestamp":"2026-03-11T02:13:00.704108Z","level":"info","event":"26/03/11 09:13:00 INFO ResourceProfile: Default ResourceProfile created, executor resources: Map(cores -> name: cores, amount: 4, script: , vendor: , memory -> name: memory, amount: 2048, script: , vendor: , offHeap -> name: offHeap, amount: 0, script: , vendor: ), task resources: Map(cpus -> name: cpus, amount: 1.0)","logger":"airflow.task.hooks.airflow.providers.standard.hooks.subprocess.SubprocessHook","filename":"subprocess.py","lineno":99}
{"timestamp":"2026-03-11T02:13:00.735529Z","level":"info","event":"26/03/11 09:13:00 INFO ResourceProfile: Limiting resource is cpus at 4 tasks per executor","logger":"airflow.task.hooks.airflow.providers.standard.hooks.subprocess.SubprocessHook","filename":"subprocess.py","lineno":99}
{"timestamp":"2026-03-11T02:13:00.737533Z","level":"info","event":"26/03/11 09:13:00 INFO ResourceProfileManager: Added ResourceProfile id: 0","logger":"airflow.task.hooks.airflow.providers.standard.hooks.subprocess.SubprocessHook","filename":"subprocess.py","lineno":99}
{"timestamp":"2026-03-11T02:13:00.826963Z","level":"info","event":"26/03/11 09:13:00 INFO SecurityManager: Changing view acls to: nql","logger":"airflow.task.hooks.airflow.providers.standard.hooks.subprocess.SubprocessHook","filename":"subprocess.py","lineno":99}
{"timestamp":"2026-03-11T02:13:00.827540Z","level":"info","event":"26/03/11 09:13:00 INFO SecurityManager: Changing modify acls to: nql","logger":"airflow.task.hooks.airflow.providers.standard.hooks.subprocess.SubprocessHook","filename":"subprocess.py","lineno":99}
{"timestamp":"2026-03-11T02:13:00.828306Z","level":"info","event":"26/03/11 09:13:00 INFO SecurityManager: Changing view acls groups to:","logger":"airflow.task.hooks.airflow.providers.standard.hooks.subprocess.SubprocessHook","filename":"subprocess.py","lineno":99}
{"timestamp":"2026-03-11T02:13:00.828804Z","level":"info","event":"26/03/11 09:13:00 INFO SecurityManager: Changing modify acls groups to:","logger":"airflow.task.hooks.airflow.providers.standard.hooks.subprocess.SubprocessHook","filename":"subprocess.py","lineno":99}
{"timestamp":"2026-03-11T02:13:00.829392Z","level":"info","event":"26/03/11 09:13:00 INFO SecurityManager: SecurityManager: authentication disabled; ui acls disabled; users with view permissions: nql; groups with view permissions: EMPTY; users with modify permissions: nql; groups with modify permissions: EMPTY","logger":"airflow.task.hooks.airflow.providers.standard.hooks.subprocess.SubprocessHook","filename":"subprocess.py","lineno":99}
{"timestamp":"2026-03-11T02:13:01.210958Z","level":"info","event":"26/03/11 09:13:01 INFO Utils: Successfully started service 'sparkDriver' on port 38535.","logger":"airflow.task.hooks.airflow.providers.standard.hooks.subprocess.SubprocessHook","filename":"subprocess.py","lineno":99}
{"timestamp":"2026-03-11T02:13:01.255930Z","level":"info","event":"26/03/11 09:13:01 INFO SparkEnv: Registering MapOutputTracker","logger":"airflow.task.hooks.airflow.providers.standard.hooks.subprocess.SubprocessHook","filename":"subprocess.py","lineno":99}
{"timestamp":"2026-03-11T02:13:01.315211Z","level":"info","event":"26/03/11 09:13:01 INFO SparkEnv: Registering BlockManagerMaster","logger":"airflow.task.hooks.airflow.providers.standard.hooks.subprocess.SubprocessHook","filename":"subprocess.py","lineno":99}
{"timestamp":"2026-03-11T02:13:01.349735Z","level":"info","event":"26/03/11 09:13:01 INFO BlockManagerMasterEndpoint: Using org.apache.spark.storage.DefaultTopologyMapper for getting topology information","logger":"airflow.task.hooks.airflow.providers.standard.hooks.subprocess.SubprocessHook","filename":"subprocess.py","lineno":99}
{"timestamp":"2026-03-11T02:13:01.350372Z","level":"info","event":"26/03/11 09:13:01 INFO BlockManagerMasterEndpoint: BlockManagerMasterEndpoint up","logger":"airflow.task.hooks.airflow.providers.standard.hooks.subprocess.SubprocessHook","filename":"subprocess.py","lineno":99}
{"timestamp":"2026-03-11T02:13:01.356350Z","level":"info","event":"26/03/11 09:13:01 INFO SparkEnv: Registering BlockManagerMasterHeartbeat","logger":"airflow.task.hooks.airflow.providers.standard.hooks.subprocess.SubprocessHook","filename":"subprocess.py","lineno":99}
{"timestamp":"2026-03-11T02:13:01.387984Z","level":"info","event":"26/03/11 09:13:01 INFO DiskBlockManager: Created local directory at /tmp/blockmgr-14fff802-e08f-4a85-a917-35644dd4bbf8","logger":"airflow.task.hooks.airflow.providers.standard.hooks.subprocess.SubprocessHook","filename":"subprocess.py","lineno":99}
{"timestamp":"2026-03-11T02:13:01.410562Z","level":"info","event":"26/03/11 09:13:01 INFO MemoryStore: MemoryStore started with capacity 434.4 MiB","logger":"airflow.task.hooks.airflow.providers.standard.hooks.subprocess.SubprocessHook","filename":"subprocess.py","lineno":99}
{"timestamp":"2026-03-11T02:13:01.444150Z","level":"info","event":"26/03/11 09:13:01 INFO SparkEnv: Registering OutputCommitCoordinator","logger":"airflow.task.hooks.airflow.providers.standard.hooks.subprocess.SubprocessHook","filename":"subprocess.py","lineno":99}
{"timestamp":"2026-03-11T02:13:01.734376Z","level":"info","event":"26/03/11 09:13:01 INFO JettyUtils: Start Jetty 10.130.114.194:4040 for SparkUI","logger":"airflow.task.hooks.airflow.providers.standard.hooks.subprocess.SubprocessHook","filename":"subprocess.py","lineno":99}
{"timestamp":"2026-03-11T02:13:01.875383Z","level":"info","event":"26/03/11 09:13:01 INFO Utils: Successfully started service 'SparkUI' on port 4040.","logger":"airflow.task.hooks.airflow.providers.standard.hooks.subprocess.SubprocessHook","filename":"subprocess.py","lineno":99}
{"timestamp":"2026-03-11T02:13:01.970687Z","level":"info","event":"26/03/11 09:13:01 INFO SparkContext: Added JAR file:///home/hiveusr/hive-4.0.0/lib/postgresql-42.7.4.jar at spark://fedora:38535/jars/postgresql-42.7.4.jar with timestamp 1773195180580","logger":"airflow.task.hooks.airflow.providers.standard.hooks.subprocess.SubprocessHook","filename":"subprocess.py","lineno":99}
{"timestamp":"2026-03-11T02:13:02.101364Z","level":"info","event":"26/03/11 09:13:02 INFO StandaloneAppClient$ClientEndpoint: Connecting to master spark://192.168.1.39:7077...","logger":"airflow.task.hooks.airflow.providers.standard.hooks.subprocess.SubprocessHook","filename":"subprocess.py","lineno":99}
{"timestamp":"2026-03-11T02:13:22.103666Z","level":"info","event":"26/03/11 09:13:22 INFO StandaloneAppClient$ClientEndpoint: Connecting to master spark://192.168.1.39:7077...","logger":"airflow.task.hooks.airflow.providers.standard.hooks.subprocess.SubprocessHook","filename":"subprocess.py","lineno":99}
{"timestamp":"2026-03-11T02:13:42.103113Z","level":"info","event":"26/03/11 09:13:42 INFO StandaloneAppClient$ClientEndpoint: Connecting to master spark://192.168.1.39:7077...","logger":"airflow.task.hooks.airflow.providers.standard.hooks.subprocess.SubprocessHook","filename":"subprocess.py","lineno":99}
{"timestamp":"2026-03-11T02:14:02.104848Z","level":"info","event":"26/03/11 09:14:02 WARN StandaloneSchedulerBackend: Application ID is not initialized yet.","logger":"airflow.task.hooks.airflow.providers.standard.hooks.subprocess.SubprocessHook","filename":"subprocess.py","lineno":99}
{"timestamp":"2026-03-11T02:14:02.105140Z","level":"info","event":"26/03/11 09:14:02 ERROR StandaloneSchedulerBackend: Application has been killed. Reason: All masters are unresponsive! Giving up.","logger":"airflow.task.hooks.airflow.providers.standard.hooks.subprocess.SubprocessHook","filename":"subprocess.py","lineno":99}
{"timestamp":"2026-03-11T02:14:02.122543Z","level":"info","event":"26/03/11 09:14:02 INFO Utils: Successfully started service 'org.apache.spark.network.netty.NettyBlockTransferService' on port 41855.","logger":"airflow.task.hooks.airflow.providers.standard.hooks.subprocess.SubprocessHook","filename":"subprocess.py","lineno":99}
{"timestamp":"2026-03-11T02:14:02.122799Z","level":"info","event":"26/03/11 09:14:02 INFO NettyBlockTransferService: Server created on fedora:41855","logger":"airflow.task.hooks.airflow.providers.standard.hooks.subprocess.SubprocessHook","filename":"subprocess.py","lineno":99}
{"timestamp":"2026-03-11T02:14:02.125936Z","level":"info","event":"26/03/11 09:14:02 INFO BlockManager: Using org.apache.spark.storage.RandomBlockReplicationPolicy for block replication policy","logger":"airflow.task.hooks.airflow.providers.standard.hooks.subprocess.SubprocessHook","filename":"subprocess.py","lineno":99}
{"timestamp":"2026-03-11T02:14:02.141378Z","level":"info","event":"26/03/11 09:14:02 INFO BlockManagerMaster: Registering BlockManager BlockManagerId(driver, fedora, 41855, None)","logger":"airflow.task.hooks.airflow.providers.standard.hooks.subprocess.SubprocessHook","filename":"subprocess.py","lineno":99}
{"timestamp":"2026-03-11T02:14:02.149426Z","level":"info","event":"26/03/11 09:14:02 INFO BlockManagerMasterEndpoint: Registering block manager fedora:41855 with 434.4 MiB RAM, BlockManagerId(driver, fedora, 41855, None)","logger":"airflow.task.hooks.airflow.providers.standard.hooks.subprocess.SubprocessHook","filename":"subprocess.py","lineno":99}
{"timestamp":"2026-03-11T02:14:02.155036Z","level":"info","event":"26/03/11 09:14:02 INFO BlockManagerMaster: Registered BlockManager BlockManagerId(driver, fedora, 41855, None)","logger":"airflow.task.hooks.airflow.providers.standard.hooks.subprocess.SubprocessHook","filename":"subprocess.py","lineno":99}
{"timestamp":"2026-03-11T02:14:02.158022Z","level":"info","event":"26/03/11 09:14:02 INFO BlockManager: Initialized BlockManager: BlockManagerId(driver, fedora, 41855, None)","logger":"airflow.task.hooks.airflow.providers.standard.hooks.subprocess.SubprocessHook","filename":"subprocess.py","lineno":99}
{"timestamp":"2026-03-11T02:14:02.790355Z","level":"info","event":"26/03/11 09:14:02 INFO SparkContext: SparkContext is stopping with exitCode 0.","logger":"airflow.task.hooks.airflow.providers.standard.hooks.subprocess.SubprocessHook","filename":"subprocess.py","lineno":99}
{"timestamp":"2026-03-11T02:14:02.824024Z","level":"info","event":"26/03/11 09:14:02 INFO SparkUI: Stopped Spark web UI at http://fedora:4040","logger":"airflow.task.hooks.airflow.providers.standard.hooks.subprocess.SubprocessHook","filename":"subprocess.py","lineno":99}
{"timestamp":"2026-03-11T02:14:02.844999Z","level":"info","event":"26/03/11 09:14:02 INFO StandaloneSchedulerBackend: Shutting down all executors","logger":"airflow.task.hooks.airflow.providers.standard.hooks.subprocess.SubprocessHook","filename":"subprocess.py","lineno":99}
{"timestamp":"2026-03-11T02:14:02.855597Z","level":"info","event":"26/03/11 09:14:02 INFO StandaloneSchedulerBackend$StandaloneDriverEndpoint: Asking each executor to shut down","logger":"airflow.task.hooks.airflow.providers.standard.hooks.subprocess.SubprocessHook","filename":"subprocess.py","lineno":99}
{"timestamp":"2026-03-11T02:14:02.867805Z","level":"info","event":"26/03/11 09:14:02 WARN StandaloneAppClient$ClientEndpoint: Drop UnregisterApplication(null) because has not yet connected to master","logger":"airflow.task.hooks.airflow.providers.standard.hooks.subprocess.SubprocessHook","filename":"subprocess.py","lineno":99}
{"timestamp":"2026-03-11T02:14:02.889804Z","level":"info","event":"26/03/11 09:14:02 INFO MapOutputTrackerMasterEndpoint: MapOutputTrackerMasterEndpoint stopped!","logger":"airflow.task.hooks.airflow.providers.standard.hooks.subprocess.SubprocessHook","filename":"subprocess.py","lineno":99}
{"timestamp":"2026-03-11T02:14:02.909601Z","level":"info","event":"26/03/11 09:14:02 INFO MemoryStore: MemoryStore cleared","logger":"airflow.task.hooks.airflow.providers.standard.hooks.subprocess.SubprocessHook","filename":"subprocess.py","lineno":99}
{"timestamp":"2026-03-11T02:14:02.910463Z","level":"info","event":"26/03/11 09:14:02 INFO BlockManager: BlockManager stopped","logger":"airflow.task.hooks.airflow.providers.standard.hooks.subprocess.SubprocessHook","filename":"subprocess.py","lineno":99}
{"timestamp":"2026-03-11T02:14:02.926354Z","level":"info","event":"26/03/11 09:14:02 INFO BlockManagerMaster: BlockManagerMaster stopped","logger":"airflow.task.hooks.airflow.providers.standard.hooks.subprocess.SubprocessHook","filename":"subprocess.py","lineno":99}
{"timestamp":"2026-03-11T02:14:02.931305Z","level":"info","event":"26/03/11 09:14:02 INFO OutputCommitCoordinator$OutputCommitCoordinatorEndpoint: OutputCommitCoordinator stopped!","logger":"airflow.task.hooks.airflow.providers.standard.hooks.subprocess.SubprocessHook","filename":"subprocess.py","lineno":99}
{"timestamp":"2026-03-11T02:14:02.940513Z","level":"info","event":"26/03/11 09:14:02 INFO SparkContext: Successfully stopped SparkContext","logger":"airflow.task.hooks.airflow.providers.standard.hooks.subprocess.SubprocessHook","filename":"subprocess.py","lineno":99}
{"timestamp":"2026-03-11T02:14:03.001540Z","level":"info","event":"26/03/11 09:14:03 INFO SingleEventLogFileWriter: Logging events to hdfs://localhost:9000/tmp/spark-history/spark-application-1773195182019.inprogress","logger":"airflow.task.hooks.airflow.providers.standard.hooks.subprocess.SubprocessHook","filename":"subprocess.py","lineno":99}
{"timestamp":"2026-03-11T02:14:03.406024Z","level":"info","event":"26/03/11 09:14:03 ERROR AsyncEventQueue: Listener AppStatusListener threw an exception","logger":"airflow.task.hooks.airflow.providers.standard.hooks.subprocess.SubprocessHook","filename":"subprocess.py","lineno":99}
{"timestamp":"2026-03-11T02:14:03.406422Z","level":"info","event":"java.lang.NullPointerException","logger":"airflow.task.hooks.airflow.providers.standard.hooks.subprocess.SubprocessHook","filename":"subprocess.py","lineno":99}
{"timestamp":"2026-03-11T02:14:03.406595Z","level":"info","event":"\tat org.apache.spark.status.AppStatusListener.onApplicationEnd(AppStatusListener.scala:193)","logger":"airflow.task.hooks.airflow.providers.standard.hooks.subprocess.SubprocessHook","filename":"subprocess.py","lineno":99}
{"timestamp":"2026-03-11T02:14:03.406661Z","level":"info","event":"\tat org.apache.spark.scheduler.SparkListenerBus.doPostEvent(SparkListenerBus.scala:57)","logger":"airflow.task.hooks.airflow.providers.standard.hooks.subprocess.SubprocessHook","filename":"subprocess.py","lineno":99}
{"timestamp":"2026-03-11T02:14:03.406715Z","level":"info","event":"\tat org.apache.spark.scheduler.SparkListenerBus.doPostEvent$(SparkListenerBus.scala:28)","logger":"airflow.task.hooks.airflow.providers.standard.hooks.subprocess.SubprocessHook","filename":"subprocess.py","lineno":99}
{"timestamp":"2026-03-11T02:14:03.406767Z","level":"info","event":"\tat org.apache.spark.scheduler.AsyncEventQueue.doPostEvent(AsyncEventQueue.scala:37)","logger":"airflow.task.hooks.airflow.providers.standard.hooks.subprocess.SubprocessHook","filename":"subprocess.py","lineno":99}
{"timestamp":"2026-03-11T02:14:03.406817Z","level":"info","event":"\tat org.apache.spark.scheduler.AsyncEventQueue.doPostEvent(AsyncEventQueue.scala:37)","logger":"airflow.task.hooks.airflow.providers.standard.hooks.subprocess.SubprocessHook","filename":"subprocess.py","lineno":99}
{"timestamp":"2026-03-11T02:14:03.406868Z","level":"info","event":"\tat org.apache.spark.util.ListenerBus.postToAll(ListenerBus.scala:117)","logger":"airflow.task.hooks.airflow.providers.standard.hooks.subprocess.SubprocessHook","filename":"subprocess.py","lineno":99}
{"timestamp":"2026-03-11T02:14:03.406917Z","level":"info","event":"\tat org.apache.spark.util.ListenerBus.postToAll$(ListenerBus.scala:101)","logger":"airflow.task.hooks.airflow.providers.standard.hooks.subprocess.SubprocessHook","filename":"subprocess.py","lineno":99}
{"timestamp":"2026-03-11T02:14:03.406964Z","level":"info","event":"\tat org.apache.spark.scheduler.AsyncEventQueue.super$postToAll(AsyncEventQueue.scala:105)","logger":"airflow.task.hooks.airflow.providers.standard.hooks.subprocess.SubprocessHook","filename":"subprocess.py","lineno":99}
{"timestamp":"2026-03-11T02:14:03.407010Z","level":"info","event":"\tat org.apache.spark.scheduler.AsyncEventQueue.$anonfun$dispatch$1(AsyncEventQueue.scala:105)","logger":"airflow.task.hooks.airflow.providers.standard.hooks.subprocess.SubprocessHook","filename":"subprocess.py","lineno":99}
{"timestamp":"2026-03-11T02:14:03.407079Z","level":"info","event":"\tat scala.runtime.java8.JFunction0$mcJ$sp.apply(JFunction0$mcJ$sp.java:23)","logger":"airflow.task.hooks.airflow.providers.standard.hooks.subprocess.SubprocessHook","filename":"subprocess.py","lineno":99}
{"timestamp":"2026-03-11T02:14:03.407128Z","level":"info","event":"\tat scala.util.DynamicVariable.withValue(DynamicVariable.scala:62)","logger":"airflow.task.hooks.airflow.providers.standard.hooks.subprocess.SubprocessHook","filename":"subprocess.py","lineno":99}
{"timestamp":"2026-03-11T02:14:03.407175Z","level":"info","event":"\tat org.apache.spark.scheduler.AsyncEventQueue.org$apache$spark$scheduler$AsyncEventQueue$$dispatch(AsyncEventQueue.scala:100)","logger":"airflow.task.hooks.airflow.providers.standard.hooks.subprocess.SubprocessHook","filename":"subprocess.py","lineno":99}
{"timestamp":"2026-03-11T02:14:03.407223Z","level":"info","event":"\tat org.apache.spark.scheduler.AsyncEventQueue$$anon$2.$anonfun$run$1(AsyncEventQueue.scala:96)","logger":"airflow.task.hooks.airflow.providers.standard.hooks.subprocess.SubprocessHook","filename":"subprocess.py","lineno":99}
{"timestamp":"2026-03-11T02:14:03.407269Z","level":"info","event":"\tat org.apache.spark.util.Utils$.tryOrStopSparkContext(Utils.scala:1356)","logger":"airflow.task.hooks.airflow.providers.standard.hooks.subprocess.SubprocessHook","filename":"subprocess.py","lineno":99}
{"timestamp":"2026-03-11T02:14:03.407314Z","level":"info","event":"\tat org.apache.spark.scheduler.AsyncEventQueue$$anon$2.run(AsyncEventQueue.scala:96)","logger":"airflow.task.hooks.airflow.providers.standard.hooks.subprocess.SubprocessHook","filename":"subprocess.py","lineno":99}
{"timestamp":"2026-03-11T02:14:03.414998Z","level":"info","event":"26/03/11 09:14:03 ERROR SparkContext: Error initializing SparkContext.","logger":"airflow.task.hooks.airflow.providers.standard.hooks.subprocess.SubprocessHook","filename":"subprocess.py","lineno":99}
{"timestamp":"2026-03-11T02:14:03.415212Z","level":"info","event":"java.lang.IllegalArgumentException: requirement failed: Can only call getServletHandlers on a running MetricsSystem","logger":"airflow.task.hooks.airflow.providers.standard.hooks.subprocess.SubprocessHook","filename":"subprocess.py","lineno":99}
{"timestamp":"2026-03-11T02:14:03.415252Z","level":"info","event":"\tat scala.Predef$.require(Predef.scala:281)","logger":"airflow.task.hooks.airflow.providers.standard.hooks.subprocess.SubprocessHook","filename":"subprocess.py","lineno":99}
{"timestamp":"2026-03-11T02:14:03.415279Z","level":"info","event":"\tat org.apache.spark.metrics.MetricsSystem.getServletHandlers(MetricsSystem.scala:89)","logger":"airflow.task.hooks.airflow.providers.standard.hooks.subprocess.SubprocessHook","filename":"subprocess.py","lineno":99}
{"timestamp":"2026-03-11T02:14:03.415304Z","level":"info","event":"\tat org.apache.spark.SparkContext.<init>(SparkContext.scala:671)","logger":"airflow.task.hooks.airflow.providers.standard.hooks.subprocess.SubprocessHook","filename":"subprocess.py","lineno":99}
{"timestamp":"2026-03-11T02:14:03.415325Z","level":"info","event":"\tat org.apache.spark.api.java.JavaSparkContext.<init>(JavaSparkContext.scala:58)","logger":"airflow.task.hooks.airflow.providers.standard.hooks.subprocess.SubprocessHook","filename":"subprocess.py","lineno":99}
{"timestamp":"2026-03-11T02:14:03.415347Z","level":"info","event":"\tat java.base/jdk.internal.reflect.NativeConstructorAccessorImpl.newInstance0(Native Method)","logger":"airflow.task.hooks.airflow.providers.standard.hooks.subprocess.SubprocessHook","filename":"subprocess.py","lineno":99}
{"timestamp":"2026-03-11T02:14:03.415371Z","level":"info","event":"\tat java.base/jdk.internal.reflect.NativeConstructorAccessorImpl.newInstance(NativeConstructorAccessorImpl.java:62)","logger":"airflow.task.hooks.airflow.providers.standard.hooks.subprocess.SubprocessHook","filename":"subprocess.py","lineno":99}
{"timestamp":"2026-03-11T02:14:03.415392Z","level":"info","event":"\tat java.base/jdk.internal.reflect.DelegatingConstructorAccessorImpl.newInstance(DelegatingConstructorAccessorImpl.java:45)","logger":"airflow.task.hooks.airflow.providers.standard.hooks.subprocess.SubprocessHook","filename":"subprocess.py","lineno":99}
{"timestamp":"2026-03-11T02:14:03.415414Z","level":"info","event":"\tat java.base/java.lang.reflect.Constructor.newInstance(Constructor.java:490)","logger":"airflow.task.hooks.airflow.providers.standard.hooks.subprocess.SubprocessHook","filename":"subprocess.py","lineno":99}
{"timestamp":"2026-03-11T02:14:03.415435Z","level":"info","event":"\tat py4j.reflection.MethodInvoker.invoke(MethodInvoker.java:247)","logger":"airflow.task.hooks.airflow.providers.standard.hooks.subprocess.SubprocessHook","filename":"subprocess.py","lineno":99}
{"timestamp":"2026-03-11T02:14:03.415455Z","level":"info","event":"\tat py4j.reflection.ReflectionEngine.invoke(ReflectionEngine.java:374)","logger":"airflow.task.hooks.airflow.providers.standard.hooks.subprocess.SubprocessHook","filename":"subprocess.py","lineno":99}
{"timestamp":"2026-03-11T02:14:03.415476Z","level":"info","event":"\tat py4j.Gateway.invoke(Gateway.java:238)","logger":"airflow.task.hooks.airflow.providers.standard.hooks.subprocess.SubprocessHook","filename":"subprocess.py","lineno":99}
{"timestamp":"2026-03-11T02:14:03.415498Z","level":"info","event":"\tat py4j.commands.ConstructorCommand.invokeConstructor(ConstructorCommand.java:80)","logger":"airflow.task.hooks.airflow.providers.standard.hooks.subprocess.SubprocessHook","filename":"subprocess.py","lineno":99}
{"timestamp":"2026-03-11T02:14:03.415518Z","level":"info","event":"\tat py4j.commands.ConstructorCommand.execute(ConstructorCommand.java:69)","logger":"airflow.task.hooks.airflow.providers.standard.hooks.subprocess.SubprocessHook","filename":"subprocess.py","lineno":99}
{"timestamp":"2026-03-11T02:14:03.415539Z","level":"info","event":"\tat py4j.ClientServerConnection.waitForCommands(ClientServerConnection.java:182)","logger":"airflow.task.hooks.airflow.providers.standard.hooks.subprocess.SubprocessHook","filename":"subprocess.py","lineno":99}
{"timestamp":"2026-03-11T02:14:03.415559Z","level":"info","event":"\tat py4j.ClientServerConnection.run(ClientServerConnection.java:106)","logger":"airflow.task.hooks.airflow.providers.standard.hooks.subprocess.SubprocessHook","filename":"subprocess.py","lineno":99}
{"timestamp":"2026-03-11T02:14:03.415579Z","level":"info","event":"\tat java.base/java.lang.Thread.run(Thread.java:829)","logger":"airflow.task.hooks.airflow.providers.standard.hooks.subprocess.SubprocessHook","filename":"subprocess.py","lineno":99}
{"timestamp":"2026-03-11T02:14:03.415604Z","level":"info","event":"26/03/11 09:14:03 INFO SparkContext: SparkContext is stopping with exitCode 0.","logger":"airflow.task.hooks.airflow.providers.standard.hooks.subprocess.SubprocessHook","filename":"subprocess.py","lineno":99}
{"timestamp":"2026-03-11T02:14:03.415624Z","level":"info","event":"26/03/11 09:14:03 INFO SparkContext: SparkContext already stopped.","logger":"airflow.task.hooks.airflow.providers.standard.hooks.subprocess.SubprocessHook","filename":"subprocess.py","lineno":99}
{"timestamp":"2026-03-11T02:14:03.416030Z","level":"info","event":"Traceback (most recent call last):","logger":"airflow.task.hooks.airflow.providers.standard.hooks.subprocess.SubprocessHook","filename":"subprocess.py","lineno":99}
{"timestamp":"2026-03-11T02:14:03.416088Z","level":"info","event":"  File \"/home/nql/PycharmProjects/HadoopDataPipeline/src/etl/bronze_layer/run_bronze.py\", line 15, in <module>","logger":"airflow.task.hooks.airflow.providers.standard.hooks.subprocess.SubprocessHook","filename":"subprocess.py","lineno":99}
{"timestamp":"2026-03-11T02:14:03.416305Z","level":"info","event":"    spark = SparkSession.builder.appName(\"BronzeLayer\").getOrCreate()","logger":"airflow.task.hooks.airflow.providers.standard.hooks.subprocess.SubprocessHook","filename":"subprocess.py","lineno":99}
{"timestamp":"2026-03-11T02:14:03.416405Z","level":"info","event":"            ^^^^^^^^^^^^^^^^^^^^^^^^^^^^^^^^^^^^^^^^^^^^^^^^^^^^^^^^^","logger":"airflow.task.hooks.airflow.providers.standard.hooks.subprocess.SubprocessHook","filename":"subprocess.py","lineno":99}
{"timestamp":"2026-03-11T02:14:03.416459Z","level":"info","event":"  File \"/home/sparkusr/spark-3.5.7/python/lib/pyspark.zip/pyspark/sql/session.py\", line 497, in getOrCreate","logger":"airflow.task.hooks.airflow.providers.standard.hooks.subprocess.SubprocessHook","filename":"subprocess.py","lineno":99}
{"timestamp":"2026-03-11T02:14:03.416510Z","level":"info","event":"  File \"/home/sparkusr/spark-3.5.7/python/lib/pyspark.zip/pyspark/context.py\", line 515, in getOrCreate","logger":"airflow.task.hooks.airflow.providers.standard.hooks.subprocess.SubprocessHook","filename":"subprocess.py","lineno":99}
{"timestamp":"2026-03-11T02:14:03.416555Z","level":"info","event":"  File \"/home/sparkusr/spark-3.5.7/python/lib/pyspark.zip/pyspark/context.py\", line 203, in __init__","logger":"airflow.task.hooks.airflow.providers.standard.hooks.subprocess.SubprocessHook","filename":"subprocess.py","lineno":99}
{"timestamp":"2026-03-11T02:14:03.416622Z","level":"info","event":"  File \"/home/sparkusr/spark-3.5.7/python/lib/pyspark.zip/pyspark/context.py\", line 296, in _do_init","logger":"airflow.task.hooks.airflow.providers.standard.hooks.subprocess.SubprocessHook","filename":"subprocess.py","lineno":99}
{"timestamp":"2026-03-11T02:14:03.416675Z","level":"info","event":"  File \"/home/sparkusr/spark-3.5.7/python/lib/pyspark.zip/pyspark/context.py\", line 421, in _initialize_context","logger":"airflow.task.hooks.airflow.providers.standard.hooks.subprocess.SubprocessHook","filename":"subprocess.py","lineno":99}
{"timestamp":"2026-03-11T02:14:03.416715Z","level":"info","event":"  File \"/home/sparkusr/spark-3.5.7/python/lib/py4j-0.10.9.7-src.zip/py4j/java_gateway.py\", line 1587, in __call__","logger":"airflow.task.hooks.airflow.providers.standard.hooks.subprocess.SubprocessHook","filename":"subprocess.py","lineno":99}
{"timestamp":"2026-03-11T02:14:03.416819Z","level":"info","event":"  File \"/home/sparkusr/spark-3.5.7/python/lib/py4j-0.10.9.7-src.zip/py4j/protocol.py\", line 326, in get_return_value","logger":"airflow.task.hooks.airflow.providers.standard.hooks.subprocess.SubprocessHook","filename":"subprocess.py","lineno":99}
{"timestamp":"2026-03-11T02:14:03.417565Z","level":"info","event":"py4j.protocol.Py4JJavaError: An error occurred while calling None.org.apache.spark.api.java.JavaSparkContext.","logger":"airflow.task.hooks.airflow.providers.standard.hooks.subprocess.SubprocessHook","filename":"subprocess.py","lineno":99}
{"timestamp":"2026-03-11T02:14:03.417666Z","level":"info","event":": java.lang.IllegalArgumentException: requirement failed: Can only call getServletHandlers on a running MetricsSystem","logger":"airflow.task.hooks.airflow.providers.standard.hooks.subprocess.SubprocessHook","filename":"subprocess.py","lineno":99}
{"timestamp":"2026-03-11T02:14:03.417729Z","level":"info","event":"\tat scala.Predef$.require(Predef.scala:281)","logger":"airflow.task.hooks.airflow.providers.standard.hooks.subprocess.SubprocessHook","filename":"subprocess.py","lineno":99}
{"timestamp":"2026-03-11T02:14:03.417783Z","level":"info","event":"\tat org.apache.spark.metrics.MetricsSystem.getServletHandlers(MetricsSystem.scala:89)","logger":"airflow.task.hooks.airflow.providers.standard.hooks.subprocess.SubprocessHook","filename":"subprocess.py","lineno":99}
{"timestamp":"2026-03-11T02:14:03.417832Z","level":"info","event":"\tat org.apache.spark.SparkContext.<init>(SparkContext.scala:671)","logger":"airflow.task.hooks.airflow.providers.standard.hooks.subprocess.SubprocessHook","filename":"subprocess.py","lineno":99}
{"timestamp":"2026-03-11T02:14:03.417882Z","level":"info","event":"\tat org.apache.spark.api.java.JavaSparkContext.<init>(JavaSparkContext.scala:58)","logger":"airflow.task.hooks.airflow.providers.standard.hooks.subprocess.SubprocessHook","filename":"subprocess.py","lineno":99}
{"timestamp":"2026-03-11T02:14:03.417931Z","level":"info","event":"\tat java.base/jdk.internal.reflect.NativeConstructorAccessorImpl.newInstance0(Native Method)","logger":"airflow.task.hooks.airflow.providers.standard.hooks.subprocess.SubprocessHook","filename":"subprocess.py","lineno":99}
{"timestamp":"2026-03-11T02:14:03.417982Z","level":"info","event":"\tat java.base/jdk.internal.reflect.NativeConstructorAccessorImpl.newInstance(NativeConstructorAccessorImpl.java:62)","logger":"airflow.task.hooks.airflow.providers.standard.hooks.subprocess.SubprocessHook","filename":"subprocess.py","lineno":99}
{"timestamp":"2026-03-11T02:14:03.418029Z","level":"info","event":"\tat java.base/jdk.internal.reflect.DelegatingConstructorAccessorImpl.newInstance(DelegatingConstructorAccessorImpl.java:45)","logger":"airflow.task.hooks.airflow.providers.standard.hooks.subprocess.SubprocessHook","filename":"subprocess.py","lineno":99}
{"timestamp":"2026-03-11T02:14:03.418101Z","level":"info","event":"\tat java.base/java.lang.reflect.Constructor.newInstance(Constructor.java:490)","logger":"airflow.task.hooks.airflow.providers.standard.hooks.subprocess.SubprocessHook","filename":"subprocess.py","lineno":99}
{"timestamp":"2026-03-11T02:14:03.418152Z","level":"info","event":"\tat py4j.reflection.MethodInvoker.invoke(MethodInvoker.java:247)","logger":"airflow.task.hooks.airflow.providers.standard.hooks.subprocess.SubprocessHook","filename":"subprocess.py","lineno":99}
{"timestamp":"2026-03-11T02:14:03.418199Z","level":"info","event":"\tat py4j.reflection.ReflectionEngine.invoke(ReflectionEngine.java:374)","logger":"airflow.task.hooks.airflow.providers.standard.hooks.subprocess.SubprocessHook","filename":"subprocess.py","lineno":99}
{"timestamp":"2026-03-11T02:14:03.418253Z","level":"info","event":"\tat py4j.Gateway.invoke(Gateway.java:238)","logger":"airflow.task.hooks.airflow.providers.standard.hooks.subprocess.SubprocessHook","filename":"subprocess.py","lineno":99}
{"timestamp":"2026-03-11T02:14:03.418302Z","level":"info","event":"\tat py4j.commands.ConstructorCommand.invokeConstructor(ConstructorCommand.java:80)","logger":"airflow.task.hooks.airflow.providers.standard.hooks.subprocess.SubprocessHook","filename":"subprocess.py","lineno":99}
{"timestamp":"2026-03-11T02:14:03.418360Z","level":"info","event":"\tat py4j.commands.ConstructorCommand.execute(ConstructorCommand.java:69)","logger":"airflow.task.hooks.airflow.providers.standard.hooks.subprocess.SubprocessHook","filename":"subprocess.py","lineno":99}
{"timestamp":"2026-03-11T02:14:03.418407Z","level":"info","event":"\tat py4j.ClientServerConnection.waitForCommands(ClientServerConnection.java:182)","logger":"airflow.task.hooks.airflow.providers.standard.hooks.subprocess.SubprocessHook","filename":"subprocess.py","lineno":99}
{"timestamp":"2026-03-11T02:14:03.418456Z","level":"info","event":"\tat py4j.ClientServerConnection.run(ClientServerConnection.java:106)","logger":"airflow.task.hooks.airflow.providers.standard.hooks.subprocess.SubprocessHook","filename":"subprocess.py","lineno":99}
{"timestamp":"2026-03-11T02:14:03.418513Z","level":"info","event":"\tat java.base/java.lang.Thread.run(Thread.java:829)","logger":"airflow.task.hooks.airflow.providers.standard.hooks.subprocess.SubprocessHook","filename":"subprocess.py","lineno":99}
{"timestamp":"2026-03-11T02:14:03.418576Z","level":"info","event":"","logger":"airflow.task.hooks.airflow.providers.standard.hooks.subprocess.SubprocessHook","filename":"subprocess.py","lineno":99}
{"timestamp":"2026-03-11T02:14:03.418636Z","level":"info","event":"INFO:py4j.clientserver:Closing down clientserver connection","logger":"airflow.task.hooks.airflow.providers.standard.hooks.subprocess.SubprocessHook","filename":"subprocess.py","lineno":99}
{"timestamp":"2026-03-11T02:14:03.501292Z","level":"info","event":"26/03/11 09:14:03 INFO ShutdownHookManager: Shutdown hook called","logger":"airflow.task.hooks.airflow.providers.standard.hooks.subprocess.SubprocessHook","filename":"subprocess.py","lineno":99}
{"timestamp":"2026-03-11T02:14:03.502023Z","level":"info","event":"26/03/11 09:14:03 INFO ShutdownHookManager: Deleting directory /tmp/spark-ace90e93-140c-4318-a845-8c6f3bd67bcd","logger":"airflow.task.hooks.airflow.providers.standard.hooks.subprocess.SubprocessHook","filename":"subprocess.py","lineno":99}
{"timestamp":"2026-03-11T02:14:03.506411Z","level":"info","event":"26/03/11 09:14:03 INFO ShutdownHookManager: Deleting directory /tmp/spark-f129bc50-10df-4b4c-9849-bba00e9ab95c","logger":"airflow.task.hooks.airflow.providers.standard.hooks.subprocess.SubprocessHook","filename":"subprocess.py","lineno":99}
{"timestamp":"2026-03-11T02:14:03.581452Z","level":"info","event":"Command exited with return code 1","logger":"airflow.task.hooks.airflow.providers.standard.hooks.subprocess.SubprocessHook","filename":"subprocess.py","lineno":103}
{"timestamp":"2026-03-11T02:14:03.582425Z","level":"error","event":"Task failed with exception","logger":"task","filename":"task_runner.py","lineno":986,"error_detail":[{"exc_type":"AirflowException","exc_value":"Bash command failed. The command returned a non-zero exit code 1.","exc_notes":[],"syntax_error":null,"is_cause":false,"frames":[{"filename":"/home/nql/PycharmProjects/HadoopDataPipeline/.venv/lib64/python3.12/site-packages/airflow/sdk/execution_time/task_runner.py","lineno":934,"name":"run"},{"filename":"/home/nql/PycharmProjects/HadoopDataPipeline/.venv/lib64/python3.12/site-packages/airflow/sdk/execution_time/task_runner.py","lineno":1325,"name":"_execute_task"},{"filename":"/home/nql/PycharmProjects/HadoopDataPipeline/.venv/lib64/python3.12/site-packages/airflow/sdk/bases/operator.py","lineno":417,"name":"wrapper"},{"filename":"/home/nql/PycharmProjects/HadoopDataPipeline/.venv/lib64/python3.12/site-packages/airflow/providers/standard/operators/bash.py","lineno":224,"name":"execute"}],"is_group":false,"exceptions":[]}]}
